# This is a list of old, completed objects, not all of which may
# be in the archive

abell-1689.gif
a55.gif
astroid.gif
ngc660.gif
n1055.gif
ngc2541.gif
ngc3359.gif
ngc5746.gif
sextans_b.gif
sn.gif
owl.gif
arc224.gif
binary.gif
arp118.gif
m109.gif
vv150.gif
meteor.gif
n2782.gif
meteora.jpg
arp214.gif
ngc6058.gif
holmberg IV
a2199
aurora
glens1pic
m2
n2775
30P/Reinmuth 1
glens2
u5189
n3184
m101
n2859
n3949
m51
n5529
a1547
Abell xxxx
clustor + arcs
tortured galaxy
cave nebula
ISI96 2349+0028
G169.8+31.1
m81
m82
n2976
sn2004ar
u7683
apr220
stephan's sextet
m3
hercules cluster
u10043
n5964
G104.2-29.6
bfs32
n2403
M44
n1491

