\ USNO   Airmass 1.30
\ Eff lambdas:   3546  4747  6213  7584  8919
\ k terms:      0.550 0.187 0.093 0.073 0.102
\ Filter resp for 1.300 airmasses, USNO 
\ These are AB magnitudes referred to V=0 on the USNO system
\ To get to observations on the USNO system, add 
\                         0.04  0.00  0.00  0.00  0.01
\ to these magnitudes
\ Star              B-V     u'    g'    r'    i'    z'    u-g   g-r   r-i   i-z
  1 9 SGR      O5  -.34  -0.80 -0.33  0.25  0.64  0.90  -0.47 -0.58 -0.39 -0.27
  2 9 SGE      O8F -.32  -0.75 -0.32  0.23  0.64  0.95  -0.43 -0.55 -0.41 -0.31
  3 HR 8023    O6  -.31  -0.71 -0.32  0.24  0.64  0.96  -0.40 -0.56 -0.40 -0.32
  4 -1 935     B1d -.26  -0.53 -0.28  0.21  0.56  0.81  -0.25 -0.48 -0.35 -0.26
  5 60 CYG     B1d -.27  -0.49 -0.29  0.22  0.60  0.89  -0.20 -0.52 -0.38 -0.28
  6 102 HER    B2d -.24  -0.38 -0.27  0.21  0.60  0.88  -0.11 -0.49 -0.38 -0.29
  7 ETA HYA    B3d -.20  -0.19 -0.24  0.19  0.50  0.72   0.05 -0.43 -0.32 -0.21
  8 IOTA HER   B3d -.20  -0.17 -0.25  0.19  0.53  0.76   0.08 -0.44 -0.33 -0.24
  9 HR 7899    B4d -.20  -0.15 -0.25  0.21  0.55  0.79   0.09 -0.45 -0.34 -0.24
 10 38 OPH     A1d -.14   0.07 -0.21  0.17  0.48  0.67   0.28 -0.38 -0.30 -0.19
 11 HR 7174    B6d -.11   0.31 -0.19  0.15  0.43  0.60   0.50 -0.33 -0.28 -0.18
 12 9 VUL      B7d -.10   0.33 -0.18  0.15  0.41  0.56   0.51 -0.33 -0.26 -0.15
 13 HD 189689  B9d -.08   0.40 -0.16  0.15  0.40  0.53   0.57 -0.31 -0.26 -0.12
 14 THETA VIR  A0d -.03   0.86 -0.13  0.12  0.34  0.46   0.99 -0.26 -0.22 -0.12
 15 NU CAP     B9d -.02   0.76 -0.13  0.13  0.34  0.45   0.89 -0.26 -0.21 -0.11
 16 HR 6169    A2d -.02   0.89 -0.13  0.11  0.34  0.49   1.02 -0.25 -0.22 -0.15

 17 HD 190849A A1d 0.01   0.85 -0.12  0.13  0.34  0.46   0.96 -0.25 -0.21 -0.12
 18 69 HER     A2d 0.00   0.90 -0.12  0.12  0.33  0.46   1.02 -0.24 -0.21 -0.13
 19 HD 190849B A3d 0.06   0.96 -0.08  0.11  0.31  0.42   1.05 -0.20 -0.19 -0.11
 20 58 AQL     A0d 0.06   0.99 -0.07  0.10  0.28  0.35   1.06 -0.17 -0.18 -0.07
 21 78 HER     B9d 0.04   0.98 -0.10  0.10  0.28  0.38   1.08 -0.19 -0.18 -0.10
 22 HR 6570    A7d 0.11   1.10 -0.06  0.09  0.28  0.41   1.15 -0.15 -0.18 -0.13
 23 HD 187754  A2d 0.13   1.20 -0.03  0.08  0.20  0.26   1.24 -0.11 -0.12 -0.05
 24 THETA1 SER A5d 0.14   1.09 -0.03  0.07  0.20  0.29   1.13 -0.10 -0.13 -0.09
 25 PRAESEPE 276   0.16   1.21 -0.01  0.03  0.18  0.24   1.22 -0.04 -0.15 -0.06
 26 PRAESEPE 114   0.17   1.15 -0.00  0.03  0.14  0.21   1.16 -0.03 -0.11 -0.07
 27 PRAESEPE 154   0.22   1.15  0.02  0.03  0.11  0.18   1.12 -0.01 -0.08 -0.07
 28 HD 190192  A5d 0.23   1.17  0.03  0.02  0.09  0.14   1.14  0.01 -0.07 -0.05
 29 PRAESEPE 226   0.28   1.17  0.06 -0.00  0.03  0.08   1.11  0.06 -0.03 -0.05
 30 PRAESEPE 37    0.31   1.17  0.08 -0.02  0.01  0.05   1.09  0.11 -0.04 -0.04
 31 HD 191177  F4d 0.31   1.25  0.08 -0.04 -0.02  0.03   1.17  0.12 -0.02 -0.05
 32 PRAESEPE 332   0.39   1.18  0.14 -0.07 -0.07 -0.06   1.04  0.20  0.00 -0.01
 33 BD+293891  F6d 0.40   1.22  0.14 -0.08 -0.12 -0.08   1.08  0.22  0.04 -0.04
 34 PRAESEPE 222   0.43   1.22  0.16 -0.07 -0.12 -0.13   1.07  0.23  0.05  0.01
 35 HD 35296   F8d 0.49   1.29  0.20 -0.12 -0.20 -0.22   1.09  0.32  0.07  0.03
 36 BD+263780  G0d 0.50   1.30  0.21 -0.12 -0.21 -0.22   1.09  0.33  0.08  0.01
 37 HD 148816  F9d 0.51   1.18  0.22 -0.13 -0.24 -0.28   0.96  0.35  0.11  0.04
 38 HD 155675  F8d 0.51   1.25  0.21 -0.13 -0.25 -0.28   1.04  0.34  0.12  0.03
 39 PRAESEPE 418   0.53   1.38  0.22 -0.13 -0.20 -0.22   1.15  0.35  0.07  0.02
 40 HYAD 1         0.53   1.43  0.22 -0.13 -0.22 -0.23   1.21  0.35  0.09  0.02
 41 HD 122693  F8d 0.51   1.42  0.21 -0.15 -0.25 -0.23   1.21  0.36  0.10 -0.02
 42 HD 154417  F8d 0.54   1.37  0.23 -0.14 -0.23 -0.24   1.14  0.37  0.10  0.00
 43 HYAD 2         0.58   1.51  0.25 -0.15 -0.24 -0.27   1.25  0.40  0.09  0.03
 44 HD 227547  G5d 0.59   1.52  0.25 -0.15 -0.26 -0.31   1.27  0.40  0.11  0.05
 45 HD 154760  G2d 0.59   1.49  0.25 -0.15 -0.28 -0.32   1.24  0.40  0.13  0.04
 46 HD 190605  G2d 0.59   1.58  0.26 -0.16 -0.26 -0.29   1.33  0.41  0.11  0.03
 47 HYAD 15        0.62   1.61  0.28 -0.17 -0.28 -0.34   1.32  0.46  0.11  0.05
 48 HD 139777A K0d 0.63   1.54  0.28 -0.17 -0.32 -0.34   1.26  0.45  0.14  0.02
 49 HD 136274  G8d 0.67   1.79  0.31 -0.20 -0.38 -0.41   1.48  0.51  0.17  0.04
 50 HYAD 26        0.71   1.82  0.33 -0.20 -0.33 -0.39   1.49  0.53  0.13  0.06
 51 HD 150205  G5d 0.70   1.79  0.33 -0.19 -0.35 -0.41   1.46  0.51  0.16  0.06
 52 HYAD 21        0.77   2.01  0.36 -0.21 -0.37 -0.45   1.65  0.57  0.16  0.08
 53 +02 3001   G8d 0.79   1.97  0.38 -0.26 -0.48 -0.55   1.58  0.64  0.22  0.07
 54 HD 190571  G8d 0.82   2.11  0.39 -0.23 -0.46 -0.57   1.72  0.62  0.22  0.12
 55 HYAD 183       0.89   2.37  0.44 -0.29 -0.50 -0.64   1.93  0.74  0.21  0.14
 56 HD 190470  K3d 0.90   2.42  0.44 -0.29 -0.51 -0.62   1.97  0.73  0.22  0.11
 57 HD 154712  K4d 0.97   2.67  0.50 -0.36 -0.65 -0.79   2.17  0.86  0.29  0.15
 58 HYAD 185       1.07   2.79  0.57 -0.38 -0.74 -0.93   2.22  0.95  0.36  0.19
 59 +38 2457   K8d 1.06   2.94  0.56 -0.40 -0.72 -0.86   2.38  0.96  0.32  0.14
 60 HYAD 173       1.20   3.22  0.66 -0.46 -0.87 -1.11   2.56  1.12  0.41  0.24
 61 GL 40      M0d 1.27   3.30  0.71 -0.51 -1.02 -1.28   2.58  1.23  0.51  0.26
 62 HYAD 189       1.32   3.43  0.74 -0.50 -1.02 -1.30   2.69  1.24  0.52  0.27
 63 HD 151288  K7d 1.35   3.42  0.76 -0.50 -1.06 -1.32   2.65  1.27  0.55  0.26
 64 HD 157881  K7d 1.33   3.42  0.74 -0.52 -1.09 -1.39   2.68  1.26  0.57  0.30
 65 HD 132683  M0d 1.34   3.45  0.76 -0.54 -1.15 -1.41   2.69  1.30  0.61  0.26
 66 GL 15A     M0d 1.51   3.57  0.86 -0.60 -1.52 -1.96   2.72  1.45  0.92  0.44
 67 GL 49      M2d 1.44   3.60  0.87 -0.52 -1.46 -1.92   2.73  1.39  0.95  0.45
 68 GL 109     M4d 1.50   3.62  0.82 -0.59 -1.81 -2.39   2.80  1.41  1.22  0.58
 69 GL 15B     M6d 1.71   4.04  0.92 -0.65 -2.14 -2.82   3.13  1.57  1.48  0.68
 70 GL 83.1    M8d 1.70   3.95  0.89 -0.68 -2.42 -3.24   3.06  1.57  1.74  0.82
 71 GL 65      M5d 1.77   3.72  0.88 -0.73 -2.95 -4.01   2.84  1.61  2.22  1.07
 72 HR 7567    B1s -.25  -0.42 -0.28  0.23  0.62  0.90  -0.14 -0.51 -0.39 -0.28
 73 HR 7591    B2g -.25  -0.40 -0.28  0.21  0.56  0.82  -0.13 -0.48 -0.36 -0.26
 74 20 AQL     B3s -.16   0.00 -0.22  0.19  0.49  0.70   0.22 -0.41 -0.30 -0.21
 75 HR 7467    B3g -.18  -0.05 -0.23  0.19  0.52  0.75   0.18 -0.42 -0.33 -0.23
 76 IOTA LYR   B7s -.13   0.15 -0.20  0.17  0.47  0.62   0.36 -0.37 -0.30 -0.16
 77 HR 7346    B7g -.11   0.31 -0.19  0.16  0.43  0.62   0.50 -0.36 -0.26 -0.19
 78 59 HER     A3g -.04   0.89 -0.15  0.14  0.38  0.50   1.04 -0.30 -0.24 -0.12
 79 HR 6642    A0s -.04   0.75 -0.15  0.15  0.40  0.55   0.90 -0.30 -0.25 -0.15
 80 11 SGE     B9s -.03   0.73 -0.14  0.13  0.39  0.51   0.87 -0.27 -0.26 -0.12
 81 60 HER     A3s 0.09   1.04 -0.07  0.09  0.26  0.37   1.11 -0.16 -0.16 -0.11
 82 HD 192285  A4s 0.12   1.09 -0.04  0.08  0.23  0.30   1.13 -0.12 -0.14 -0.08
 83 ALPHA OPH  A5g 0.15   1.12 -0.02  0.05  0.19  0.27   1.14 -0.08 -0.14 -0.08
 84 HD 165475B A5s 0.23   1.27  0.03  0.03  0.15  0.22   1.25 -0.01 -0.12 -0.07
 85 HD 165475  A5s 0.24   1.23  0.05 -0.01  0.01  0.03   1.18  0.06 -0.02 -0.01
 86 XI SER     F0s 0.24   1.23  0.03  0.02  0.08  0.13   1.19  0.01 -0.06 -0.06
 87 HD 5132    F0s 0.29   1.19  0.07 -0.02  0.05  0.10   1.12  0.10 -0.07 -0.06
 88 HD 508     A9s 0.30   1.31  0.08 -0.02  0.03  0.05   1.22  0.10 -0.05 -0.03
 89 HD 210875  F0s 0.32   1.34  0.09  0.00  0.04  0.08   1.25  0.09 -0.04 -0.04
 90 RHO CAP    F2s 0.34   1.19  0.10 -0.04 -0.05 -0.03   1.09  0.14  0.01 -0.02
 91 HD 7331    F7s 0.43   1.26  0.16 -0.07 -0.09 -0.07   1.10  0.23  0.02 -0.02
 92 BD+630013  F5s 0.44   1.24  0.17 -0.07 -0.09 -0.09   1.07  0.24  0.02 -0.00
 93 HD 13391   G2s 0.55   1.43  0.24 -0.16 -0.23 -0.23   1.19  0.40  0.07  0.00
 94 HD 154962  G8s 0.64   1.72  0.28 -0.16 -0.30 -0.35   1.43  0.45  0.14  0.05
 95 HD 192344  G4s 0.65   1.72  0.28 -0.16 -0.29 -0.34   1.43  0.44  0.13  0.05
 96 HR 6516    G6s 0.65   1.73  0.28 -0.17 -0.27 -0.30   1.45  0.45  0.11  0.03
 97 HR 7670    G6s 0.67   1.86  0.30 -0.18 -0.29 -0.32   1.56  0.48  0.11  0.03
 98 HD 128428  G3s 0.71   1.93  0.33 -0.19 -0.34 -0.39   1.60  0.52  0.15  0.05
 99 31 AQL     G8s 0.73   1.92  0.34 -0.21 -0.35 -0.36   1.58  0.55  0.15  0.01
100 -02 4018   G5s 0.79   2.08  0.38 -0.26 -0.45 -0.52   1.71  0.64  0.19  0.07
101 M67 F143?      0.81   2.14  0.39 -0.25 -0.45 -0.51   1.75  0.64  0.20  0.07
102 HD 11004   G5s 0.82   2.07  0.42 -0.28 -0.52 -0.67   1.65  0.70  0.24  0.15
103 HD 173399A G5s 0.81   2.13  0.38 -0.23 -0.46 -0.58   1.75  0.61  0.23  0.12
104 HD 56176   G7s 0.86   2.19  0.41 -0.25 -0.49 -0.63   1.78  0.67  0.23  0.14
105 HD 227693  G5s 0.87   2.32  0.42 -0.25 -0.47 -0.60   1.90  0.67  0.22  0.14
106 HD 199580  K2s 0.88   2.44  0.43 -0.28 -0.51 -0.62   2.01  0.71  0.23  0.11
107 HD 152306  G8g 0.88   2.29  0.43 -0.25 -0.47 -0.55   1.86  0.68  0.22  0.08
108 PRAESEPE 212   0.89   2.45  0.44 -0.27 -0.47 -0.60   2.01  0.71  0.20  0.14
109 THETA1 TAU G8g 0.90   2.50  0.44 -0.26 -0.49 -0.61   2.06  0.70  0.23  0.12
110 HD 170527  G5s 0.92   2.42  0.44 -0.27 -0.53 -0.65   1.98  0.71  0.26  0.12
111 HD 136366  K0g 0.93   2.58  0.45 -0.27 -0.48 -0.68   2.14  0.72  0.21  0.19
112 HD 191615  G8s 0.95   2.56  0.47 -0.30 -0.56 -0.72   2.08  0.77  0.26  0.16
113 HD 124679  K0g 0.95   2.56  0.46 -0.27 -0.52 -0.63   2.09  0.73  0.25  0.11
114 HD 131111  K0g 0.96   2.61  0.47 -0.29 -0.59 -0.75   2.15  0.76  0.30  0.15
115 HD 113439  K0g 0.96   2.73  0.47 -0.30 -0.56 -0.65   2.26  0.77  0.26  0.09
116 HD 4744    G8s 0.99   2.59  0.51 -0.33 -0.63 -0.80   2.08  0.84  0.30  0.17
117 HD 7010    K0s 0.99   2.62  0.51 -0.32 -0.60 -0.75   2.11  0.83  0.28  0.15
118 46 L MI    K0g 0.99   2.75  0.49 -0.32 -0.59 -0.75   2.26  0.81  0.28  0.16
119 91 AQR     K0g 1.01   2.86  0.50 -0.32 -0.59 -0.71   2.36  0.82  0.27  0.12
120 M67 F141       1.01   2.89  0.50 -0.31 -0.56 -0.69   2.38  0.81  0.26  0.12
121 HR 8924A   K3g 1.01   3.00  0.50 -0.32 -0.53 -0.69   2.50  0.82  0.22  0.15
122 HD 140301  K0s 1.02   2.91  0.50 -0.30 -0.59 -0.76   2.41  0.80  0.29  0.16
123 HD 95272   K0g 1.04   2.88  0.52 -0.32 -0.61 -0.79   2.36  0.83  0.29  0.18
124 HD 72184   K2g 1.05   3.02  0.53 -0.31 -0.57 -0.74   2.50  0.84  0.26  0.17
125 HD 119425  K2g 1.04   2.94  0.52 -0.31 -0.58 -0.73   2.42  0.83  0.27  0.15
126 HD 106760  K1g 1.07   2.99  0.54 -0.33 -0.63 -0.79   2.46  0.87  0.30  0.16
127 PSI U MA   K1g 1.08   3.05  0.54 -0.34 -0.64 -0.81   2.51  0.88  0.30  0.18
128 PHI SER    K1g 1.07   3.11  0.54 -0.31 -0.51 -0.71   2.57  0.85  0.20  0.20
129 HD 136514  K3g 1.10   3.28  0.55 -0.34 -0.59 -0.81   2.73  0.90  0.25  0.22
130 MU AQL     K3g 1.12   3.23  0.57 -0.35 -0.63 -0.80   2.66  0.92  0.28  0.16
131 HR 5227    K2g 1.15   3.24  0.59 -0.35 -0.70 -0.84   2.65  0.94  0.35  0.14
132 HD 154759  K3g 1.17   3.32  0.61 -0.40 -0.70 -0.88   2.72  1.00  0.30  0.18
133 20 CYG     K3g 1.20   3.63  0.60 -0.35 -0.61 -0.83   3.03  0.96  0.25  0.22
134 ALPH SER   K2g 1.10   3.20  0.55 -0.33 -0.63 -0.81   2.65  0.88  0.30  0.18
135 MU LEO     K2g 1.17   3.43  0.59 -0.37 -0.68 -0.87   2.84  0.97  0.30  0.19
136 +1 3131    K0g 1.14   3.08  0.59 -0.35 -0.70 -0.88   2.49  0.94  0.35  0.18
137 M67 F170       1.24   3.65  0.64 -0.41 -0.78 -0.97   3.00  1.05  0.37  0.20
138 18 LIB A   K2g 1.19   3.52  0.60 -0.36 -0.70 -0.92   2.91  0.96  0.34  0.22
139 +28 2165   K1s 1.26   3.64  0.66 -0.42 -0.82 -1.02   2.99  1.08  0.40  0.20
140 NGC 188 1_69   1.23   3.53  0.64 -0.40 -0.76 -1.02   2.89  1.04  0.36  0.26
141 +30 2344   K3g 1.26   3.70  0.66 -0.43 -0.85 -1.05   3.04  1.09  0.41  0.21
142 HD 83618   K3g 1.26   3.56  0.65 -0.41 -0.81 -1.04   2.91  1.07  0.39  0.24
143 HD 158885  K3g 1.26   3.52  0.65 -0.40 -0.83 -1.08   2.87  1.05  0.43  0.26
144 HD 166780  K5g 1.32   3.85  0.69 -0.44 -0.88 -1.14   3.17  1.13  0.45  0.25
145 HD 148513  K4g 1.39   4.08  0.73 -0.42 -0.78 -1.10   3.35  1.15  0.36  0.32
146 M67 T626       1.39   4.00  0.74 -0.46 -0.90 -1.17   3.26  1.20  0.44  0.26
147 HD 127227  K5g 1.39   4.15  0.74 -0.48 -1.02 -1.28   3.40  1.22  0.54  0.26
148 M67 IV-202     1.46   4.29  0.78 -0.51 -1.07 -1.35   3.51  1.28  0.56  0.28
149 HD 50778   K4g 1.38   4.03  0.73 -0.46 -0.97 -1.30   3.30  1.19  0.51  0.33
150 HD 62721   K5g 1.39   4.02  0.74 -0.47 -1.01 -1.33   3.28  1.21  0.54  0.32
151 HD 116870  M0g 1.41   4.08  0.75 -0.49 -1.08 -1.43   3.34  1.23  0.59  0.35
152 HD 60522   M0g 1.48   4.29  0.79 -0.50 -1.12 -1.49   3.50  1.29  0.62  0.37
153 -1 3113    K5g 1.61   4.75  0.87 -0.55 -1.18 -1.55   3.87  1.43  0.63  0.37
154 +2 2884    K5g 1.43   4.24  0.76 -0.50 -1.19 -1.55   3.48  1.26  0.69  0.36
155 -2 3873    M0g 1.55   4.45  0.83 -0.56 -1.53 -2.02   3.62  1.39  0.97  0.48
156 HD 104216  M2g 1.52   4.26  0.80 -0.53 -1.52 -2.01   3.46  1.33  0.99  0.49
157 HD 142804  M1g 1.69   4.79  0.91 -0.58 -1.45 -2.09   3.88  1.49  0.87  0.63
158 HD 30959   M3g 1.71   4.64  0.91 -0.63 -1.88 -2.48   3.74  1.54  1.25  0.60
159 HD 151658  M2g 1.77   4.86  0.96 -0.69 -1.94 -2.62   3.90  1.65  1.25  0.68
160 -2 4025    M2g 1.64   4.46  0.88 -0.63 -2.07 -2.75   3.57  1.51  1.44  0.69
161 -01 3097   M2g 1.61   4.45  0.85 -0.64 -2.19 -2.93   3.60  1.50  1.54  0.74
162 TX DRA         1.55   4.21  0.82 -0.60 -2.24 -3.01   3.39  1.43  1.64  0.77
163 Z CYG      M8g 1.57   4.23  0.82 -0.66 -2.33 -3.14   3.40  1.49  1.67  0.80
164 +01 3133   M5g 1.50   4.00  0.81 -0.68 -2.53 -3.45   3.19  1.49  1.85  0.92
165 -2 3886    M5g 1.54   3.94  0.85 -0.73 -2.73 -3.69   3.09  1.58  2.00  0.97
166 W HER      M6g 1.10   2.71  0.68 -0.86 -3.48 -4.75   2.03  1.55  2.62  1.26
167 TY DRA     M8  1.56   3.64  0.95 -0.91 -3.22 -4.52   2.69  1.86  2.30  1.31
168 SW VIR     M7g 1.67   3.50  1.07 -1.09 -3.70 -5.10   2.43  2.15  2.61  1.40
169 RZ HER     M6g 1.38   2.29  0.95 -1.17 -4.02 -5.68   1.34  2.12  2.84  1.66
170 R LEO          1.92   3.00  1.33 -1.51 -4.66 -6.69   1.67  2.84  3.15  2.02
171 AW CYG     N   3.79   7.29  1.94 -1.10 -2.10 -2.77   5.35  3.04  1.01  0.67
172 WZ CAS     N   2.64   7.04  1.45 -0.89 -1.84 -2.63   5.60  2.33  0.96  0.79
173 69 CYG     B0c -.23  -0.58 -0.26  0.21  0.62  0.80  -0.32 -0.47 -0.41 -0.18
174 HR 7699    B5c -.19  -0.08 -0.24  0.18  0.53  0.74   0.16 -0.42 -0.35 -0.21
175 HR 8020    B8c 0.03   0.17 -0.08  0.07  0.27  0.37   0.25 -0.15 -0.20 -0.10
176 +17 4708       0.00   1.07  0.20 -0.09 -0.19 -0.22   0.88  0.29  0.10  0.02
177 +26 2606       0.00   1.04  0.20 -0.09 -0.18 -0.21   0.84  0.29  0.09  0.03
178 hd19445        0.00   1.02  0.21 -0.10 -0.20 -0.24   0.81  0.31  0.10  0.03
179 hd84937        0.00   0.98  0.16 -0.08 -0.14 -0.15   0.82  0.24  0.07  0.01
