This is TeX, Version 3.1415 (C version 6.1) (format=latex 96.9.19)  4 AUG 1999 17:21
**scireq
(scireq.tex
LaTeX2e <1996/06/01>
(/usr/princeton/tex-3.1415-C-6.1/lib/texmf/tex/latex2e/latex209.def
File: latex209.def 1996/05/21 v0.51 Standard LaTeX file

Entering LaTeX 2.09 compatibility mode.
\footheight=\dimen102
\@maxsep=\dimen103
\@dblmaxsep=\dimen104
\@cla=\count79
\@clb=\count80
\mscount=\count81
(/usr/princeton/tex-3.1415-C-6.1/lib/texmf/tex/latex2e/tracefnt.sty
Package: tracefnt 1996/05/08 v3.0h Standard LaTeX package (font tracing)
\tracingfonts=\count82
LaTeX Info: Redefining \selectfont on input line 139.
)
\symbold=\mathgroup4
\symsans=\mathgroup5
\symtypewriter=\mathgroup6
\symitalic=\mathgroup7
\symsmallcaps=\mathgroup8
\symslanted=\mathgroup9
LaTeX Font Info:    Redeclaring math alphabet \mathbf on input line 307.
LaTeX Font Info:    Redeclaring math alphabet \mathsf on input line 308.
LaTeX Font Info:    Redeclaring math alphabet \mathtt on input line 309.
LaTeX Font Info:    Redeclaring math alphabet \mathit on input line 315.
LaTeX Info: Redefining \em on input line 325.

(/usr/princeton/tex-3.1415-C-6.1/lib/texmf/tex/latex2e/latexsym.sty
Package: latexsym 1995/11/28 v2.2c Standard LaTeX package (lasy symbols)
\symlasy=\mathgroup10
LaTeX Font Info:    Overwriting symbol font `lasy' in version `bold'
(Font)                  U/lasy/m/n --> U/lasy/b/n on input line 86.
)
LaTeX Font Info:    Redeclaring math delimiter \lgroup on input line 389.
LaTeX Font Info:    Redeclaring math delimiter \rgroup on input line 391.
LaTeX Font Info:    Redeclaring math delimiter \bracevert on input line 393.
)
(/usr/princeton/tex-3.1415-C-6.1/lib/texmf/tex/latex2e/article.cls
Document Class: article 1996/05/26 v1.3r Standard LaTeX document class
(/usr/princeton/tex-3.1415-C-6.1/lib/texmf/tex/latex2e/size11.clo
File: size11.clo 1996/05/26 v1.3r Standard LaTeX file (size option)
)
\c@part=\count83
\c@section=\count84
\c@subsection=\count85
\c@subsubsection=\count86
\c@paragraph=\count87
\c@subparagraph=\count88
\c@figure=\count89
\c@table=\count90
\abovecaptionskip=\skip41
\belowcaptionskip=\skip42
Compatibility mode: definition of \rm ignored.
Compatibility mode: definition of \sf ignored.
Compatibility mode: definition of \tt ignored.
Compatibility mode: definition of \bf ignored.
Compatibility mode: definition of \it ignored.
Compatibility mode: definition of \sl ignored.
Compatibility mode: definition of \sc ignored.
LaTeX Info: Redefining \cal on input line 543.
LaTeX Info: Redefining \mit on input line 544.
\bibindent=\dimen105
) (scireq.aux)
LaTeX Font Info:    Checking defaults for OML/cmm/m/it on input line 13.
LaTeX Font Info:    ... okay on input line 13.
LaTeX Font Info:    Checking defaults for T1/cmr/m/n on input line 13.
LaTeX Font Info:    ... okay on input line 13.
LaTeX Font Info:    Checking defaults for OT1/cmr/m/n on input line 13.
LaTeX Font Info:    ... okay on input line 13.
LaTeX Font Info:    Checking defaults for OMS/cmsy/m/n on input line 13.
LaTeX Font Info:    ... okay on input line 13.
LaTeX Font Info:    Checking defaults for OMX/cmex/m/n on input line 13.
LaTeX Font Info:    ... okay on input line 13.
LaTeX Font Info:    Checking defaults for U/cmr/m/n on input line 13.
LaTeX Font Info:    ... okay on input line 13.
LaTeX Font Info:    External font `cmex10' loaded for size
(Font)              <12> on input line 16.
LaTeX Font Info:    External font `cmex10' loaded for size
(Font)              <8> on input line 16.
LaTeX Font Info:    External font `cmex10' loaded for size
(Font)              <6> on input line 16.
LaTeX Font Info:    Try loading font information for U+lasy on input line 16.
 (/usr/princeton/tex-3.1415-C-6.1/lib/texmf/tex/latex2e/Ulasy.fd
File: Ulasy.fd 1995/11/28 v2.2cLaTeX symbol font definitions
) (scireq.toc)
\tf@toc=\write3
[1

] [2]
LaTeX Font Info:    External font `cmex10' loaded for size
(Font)              <10.95> on input line 131.
LaTeX Font Info:    Try loading font information for OMS+cmr on input line 174.

 (/usr/princeton/tex-3.1415-C-6.1/lib/texmf/tex/latex2e/OMScmr.fd
File: OMScmr.fd 1996/05/19 v2.4h Standard LaTeX font definitions
)
LaTeX Font Info:    Font shape `OMS/cmr/m/n' in size <10.95> not available
(Font)              Font shape `OMS/cmsy/m/n' tried instead on input line 174.

[3] [4] [5]
LaTeX Font Info:    External font `cmex10' loaded for size
(Font)              <9> on input line 416.
LaTeX Font Info:    External font `cmex10' loaded for size
(Font)              <5> on input line 416.
 [6] [7] [8] [9] [10]
Overfull \hbox (7.05766pt too wide) in paragraph at lines 818--818
 [][]\OT1/cmtt/m/n/10.95 <a href= http://www-sdss.fnal.gov:8000/~heidi/simrepor
t3.html>Report for Simulation[] 
 []

[11] [12]
Underfull \hbox (badness 10000) in paragraph at lines 920--931

 []


Overfull \hbox (19.97803pt too wide) in paragraph at lines 964--964
 [][]\OT1/cmtt/m/n/10.95 <a href=http://www.astro.princeton.edu:81/requirements
/fiber_spec.ps>requirements on drilling[] 
 []

[13] [14] [15]
Overfull \hbox (9.84903pt too wide) in paragraph at lines 1121--1121
[]\OT1/cmtt/m/n/10.95 http://www.apo.nmsu.edu/Telescopes/SDSS/eng.papers/199610
09_TelescopeTsts/19961009.html>here</a>[] 
 []

[16] [17] [18]
Overfull \hbox (61.58722pt too wide) in paragraph at lines 1330--1330
[] \OT1/cmtt/m/n/10.95 http://astro.princeton.edu:81/documents/galaxy_selection
.ps>``Galaxy and Cluster Selection Algorithm for[] 
 []

[19] [20] [21] [22] [23]
Overfull \hbox (147.81754pt too wide) in paragraph at lines 1725--1725
[][]\OT1/cmtt/m/n/10.95 <a href=http://www.astro.princeton.edu:81/sdss-qsos/msg
.58.html>Plans for the imaging and spectroscopy needed for quasar[] 
 []

[24] [25]
Overfull \hbox (73.0846pt too wide) in paragraph at lines 1859--1859
[]\OT1/cmtt/m/n/10.95 http://www.astro.princeton.edu:81/requirements/spectrogra
ph_specifications.ps>this document on spectrograph[] 
 []


Overfull \hbox (14.22934pt too wide) in paragraph at lines 1879--1879
 []\OT1/cmtt/m/n/10.95 http://www.apo.nmsu.edu/Telescopes/SDSS/eng.papers/19980
203_FiberFeed/19980203.html>here</a>[] 
 []

[26] [27] [28] [29] [30] [31] [32] [33] [34] [35] [36] [37] [38] [39] [40]
Overfull \hbox (118.801pt too wide) in paragraph at lines 2876--2876
 [][]\OT1/cmtt/m/n/10.95 <a href= http://www.apo.nmsu.edu/Telescopes/SDSS/eng.p
apers/19971020_PlugPlateScale/19971020.html>here</a>[] 
 []


Overfull \hbox (117.70572pt too wide) in paragraph at lines 2884--2884
 [][]\OT1/cmtt/m/n/10.95 <a href= http://www.apo.nmsu.edu/Telescopes/SDSS/eng.p
apers/19970514_BasicTelescopeInfo/19970514.html>here</a>[] 
 []

[41] [42] [43] [44] [45] [46] (scireq.aux)

LaTeX Warning: Label(s) may have changed. Rerun to get cross-references right.

 ) 
Here is how much of TeX's memory you used:
 461 strings out of 10944
 4920 string characters out of 73250
 48970 words of memory out of 262141
 3304 multiletter control sequences out of 9500
 20430 words of font info for 74 fonts, out of 100000 for 255
 14 hyphenation exceptions out of 607
 23i,6n,19p,160b,502s stack positions out of 300i,40n,60p,3000b,4000s

Output written on scireq.dvi (46 pages, 173580 bytes).
