This is TeX, Version 3.14159 (C version 6.1) (format=latex 99.5.18)  30 JAN 2003 11:16
**./images.tex
(images.tex
LaTeX2e <1996/06/01>
Hyphenation patterns for english, german, loaded.

(/peyton/lib/tex/inputs/aastex.cls
Document Class: aastex 1999/11/30 5.0b9/CB/AO AAS markup document class
Class aastex Info: Original \LaTeX2.09 style by Chris Biemesderfer (chris@seago
at.com). Adapted to \LaTeXe by A. Ogawa (ogawa@teleport.com) on input line 73.
(/usr/peyton/common/src/teTeX/texmf/tex/latex/base/article.cls
Document Class: article 1996/05/26 v1.3r Standard LaTeX document class
(/usr/peyton/common/src/teTeX/texmf/tex/latex/base/size11.clo
File: size11.clo 1996/05/26 v1.3r Standard LaTeX file (size option)
)
\c@part=\count79
\c@section=\count80
\c@subsection=\count81
\c@subsubsection=\count82
\c@paragraph=\count83
\c@subparagraph=\count84
\c@figure=\count85
\c@table=\count86
\abovecaptionskip=\skip41
\belowcaptionskip=\skip42
\bibindent=\dimen102
) (/usr/peyton/common/src/teTeX/texmf/tex/latex/base/latexsym.sty
Package: latexsym 1995/11/28 v2.2c Standard LaTeX package (lasy symbols)
\symlasy=\mathgroup4
LaTeX Font Info:    Overwriting symbol font `lasy' in version `bold'
(Font)                  U/lasy/m/n --> U/lasy/b/n on input line 86.
) (/peyton/lib/tex/inputs/graphicx.sty
Package: graphicx 1996/05/29 v1.0 Enhanced LaTeX Graphics (DPC,SPQR)
(/peyton/lib/tex/inputs/keyval.sty
Package: keyval 1995/09/21 v1.09 key=value parser (DPC)
) (/peyton/lib/tex/inputs/graphics.sty
Package: graphics 1996/05/29 v1.0 Standard LaTeX Graphics (DPC,SPQR)
(/peyton/lib/tex/inputs/trig.sty
Package: trig 1994/10/16 v1.08 sin cos tan (DPC)
) (/peyton/lib/tex/inputs/graphics.cfg)
Package graphics Info: Driver file: dvips.def on input line 82.
(/peyton/lib/tex/inputs/dvips.def
File: dvips.def 1996/05/29 v3.00 Driver-dependant file (DPC,SPQR)
))
\Gin@req@height=\dimen103
\Gin@req@width=\dimen104
) (/peyton/lib/tex/inputs/amssymb.sty
Package: amssymb 1996/11/03 v2.2b
(/peyton/scr/guarana0/strauss/text/TeX/amsfonts.sty
Package: amsfonts 1997/09/17 v2.2e
\@emptytoks=\toks15
\symAMSa=\mathgroup5
\symAMSb=\mathgroup6
LaTeX Font Info:    Overwriting math alphabet `\mathfrak' in version `bold'
(Font)                  U/euf/m/n --> U/euf/b/n on input line 133.
)) (/peyton/lib/tex/inputs/natbib.sty
Package: natbib 1998/07/14 6.8c (PWD)
\bibhang=\skip43
\bibsep=\skip44
LaTeX Info: Redefining \cite on input line 467.
\c@NAT@ctr=\count87
) (/peyton/lib/tex/inputs/verbatim.sty
\c@lineno=\count88
)
\@slugcmmntwidth=\dimen105
\abstract@box=\box26
\c@editornote=\count89
\c@cureqno=\count90
\pt@box=\box27
\pt@width=\dimen106
\pt@line=\count91
\pt@column=\count92
\pt@nlines=\count93
\pt@ncol=\count94
\pt@page=\count95
\pt@tmpcapwidth=\dimen107
\c@plate=\count96
)
\lthtmlwrite=\write3
\sizebox=\box28

LaTeX Warning: Unused global option(s):
    [graphicx].

(images.aux (authorlist.aux) (../edr_intro.aux) (../edr_distrib.aux) (../edr_ha
rdware.aux) (../edr_software.aux) (../edr_future.aux) (../edr_acknowledge.aux) 
(../edr_bibliography.aux) (../tbl_equipment.aux) (../tbl_performance.aux) (../t
bl_edr_imaging.aux) (../tbl_edr_spectra.aux) (../tbl_classes.aux) (../tbl_photo
.aux) (../tbl_radii.aux) (../tbl_maskbits.aux) (../tbl_flag.aux) (../tbl_extern
al.aux) (../tbl_specobj.aux) (../tbl_specinfo.aux) (../tbl_spectromask.aux) (..
/tbl_administrative.aux) (../tbl_constants.aux) (../tbl_filter_parameters.aux) 
(../tbl_pipeline_versions.aux) (../tbl_bprime.aux) (../tbl_reddening.aux) (../t
bl_cosmiccolortable.aux) (../tbl_ctermstable.aux) (../tbl_edr_quality.aux) (../
tbl_fiber_allocation.aux) (../tbl_target_flag.aux) (../tbl_target.aux) (../tbl_
reflines.aux) (../tbl_amanda.aux) (../tbl_zhist_summary.aux) (../edr_figures.au
x))
LaTeX Font Info:    Checking defaults for OML/cmm/m/it on input line 77.
LaTeX Font Info:    ... okay on input line 77.
LaTeX Font Info:    Checking defaults for T1/cmr/m/n on input line 77.
LaTeX Font Info:    ... okay on input line 77.
LaTeX Font Info:    Checking defaults for OT1/cmr/m/n on input line 77.
LaTeX Font Info:    ... okay on input line 77.
LaTeX Font Info:    Checking defaults for OMS/cmsy/m/n on input line 77.
LaTeX Font Info:    ... okay on input line 77.
LaTeX Font Info:    Checking defaults for OMX/cmex/m/n on input line 77.
LaTeX Font Info:    ... okay on input line 77.
LaTeX Font Info:    Checking defaults for U/cmr/m/n on input line 77.
LaTeX Font Info:    ... okay on input line 77.
AAS preprint substyle, v5.0 <25 Sep 98>.
LaTeX Font Info:    Try loading font information for U+lasy on input line 105.
(/usr/peyton/common/src/teTeX/texmf/tex/latex/base/Ulasy.fd
File: Ulasy.fd 1995/11/28 v2.2cLaTeX symbol font definitions
)
LaTeX Font Info:    Try loading font information for U+msa on input line 105.
(/usr/peyton/common/src/teTeX/texmf/tex/latex/amsfonts/Umsa.fd
File: Umsa.fd 1995/01/05 v2.2e AMS font definitions
)
LaTeX Font Info:    Try loading font information for U+msb on input line 105.
(/usr/peyton/common/src/teTeX/texmf/tex/latex/amsfonts/Umsb.fd
File: Umsb.fd 1995/01/05 v2.2e AMS font definitions
) [1


] [2

] [3

] [4

] [5

] [6

] [7

] [8

] [9

] [10

] [11

] [12

] [13

] [14

] [15

] [16

] [17

] [18

] [19

] [20

] [21

] [22

] [23

] [24

]
Page 1 of table 1 has been set to width 481.18782pt with 105 lines per page 

Overfull \hbox (11.43283pt too wide) in paragraph at lines 289--359
 [][] 
 []

[25

] [26]
Page 1 of table 2 has been set to width 404.22652pt with 122 lines per page 
[27

] [28]
Page 1 of table 3 has been set to width 384.73997pt with 105 lines per page 
[29

] [30]

! LaTeX Error: Environment tex2html_nowrap undefined.

See the LaTeX manual or LaTeX Companion for explanation.
Type  H <return>  for immediate help.
 ...                                              
                                                  
l.567 & &    \begin{tex2html_nowrap}
                                    \makebox[1.5in][l]{0=OBJ\_TYPE\_UNK}\end...

Your command was ignored.
Type  I <command> <return>  to replace it with another command,
or  <return>  to continue without it.


! LaTeX Error: \begin{deluxetable} on input line 539 ended by \end{tex2html_now
rap}.

See the LaTeX manual or LaTeX Companion for explanation.
Type  H <return>  for immediate help.
 ...                                              
                                                  
l.567 ...l]{0=OBJ\_TYPE\_UNK}\end{tex2html_nowrap}
                                                            Unknown &  \\
Your command was ignored.
Type  I <command> <return>  to replace it with another command,
or  <return>  to continue without it.


! LaTeX Error: Environment tex2html_nowrap undefined.

See the LaTeX manual or LaTeX Companion for explanation.
Type  H <return>  for immediate help.
 ...                                              
                                                  
l.568 & &    \begin{tex2html_nowrap}
                                    \makebox[1.5in][l]{1=OBJ\_TYPE\_CR}\end{...

Your command was ignored.
Type  I <command> <return>  to replace it with another command,
or  <return>  to continue without it.


! LaTeX Error: \begin{deluxetable} on input line 539 ended by \end{tex2html_now
rap}.

See the LaTeX manual or LaTeX Companion for explanation.
Type  H <return>  for immediate help.
 ...                                              
                                                  
l.568 ...[l]{1=OBJ\_TYPE\_CR}\end{tex2html_nowrap}
                                                            Cosmic ray &  \\
Your command was ignored.
Type  I <command> <return>  to replace it with another command,
or  <return>  to continue without it.


! LaTeX Error: Environment tex2html_nowrap undefined.

See the LaTeX manual or LaTeX Companion for explanation.
Type  H <return>  for immediate help.
 ...                                              
                                                  
l.569 & &    \begin{tex2html_nowrap}
                                    \makebox[1.5in][l]{2=OBJ\_TYPE\_DEFECT}\...

Your command was ignored.
Type  I <command> <return>  to replace it with another command,
or  <return>  to continue without it.


! LaTeX Error: \begin{deluxetable} on input line 539 ended by \end{tex2html_now
rap}.

See the LaTeX manual or LaTeX Companion for explanation.
Type  H <return>  for immediate help.
 ...                                              
                                                  
l.569 ...2=OBJ\_TYPE\_DEFECT}\end{tex2html_nowrap}
                                                         Defect &  \\
Your command was ignored.
Type  I <command> <return>  to replace it with another command,
or  <return>  to continue without it.


! LaTeX Error: Environment tex2html_nowrap undefined.

See the LaTeX manual or LaTeX Companion for explanation.
Type  H <return>  for immediate help.
 ...                                              
                                                  
l.570 & &    \begin{tex2html_nowrap}
                                    \makebox[1.5in][l]{3=OBJ\_TYPE\_GALAXY}\...

Your command was ignored.
Type  I <command> <return>  to replace it with another command,
or  <return>  to continue without it.


! LaTeX Error: \begin{deluxetable} on input line 539 ended by \end{tex2html_now
rap}.

See the LaTeX manual or LaTeX Companion for explanation.
Type  H <return>  for immediate help.
 ...                                              
                                                  
l.570 ...3=OBJ\_TYPE\_GALAXY}\end{tex2html_nowrap}
                                                         Galaxy &  \\
Your command was ignored.
Type  I <command> <return>  to replace it with another command,
or  <return>  to continue without it.


! LaTeX Error: Environment tex2html_nowrap undefined.

See the LaTeX manual or LaTeX Companion for explanation.
Type  H <return>  for immediate help.
 ...                                              
                                                  
l.571 & &    \begin{tex2html_nowrap}
                                    \makebox[1.5in][l]{4=OBJ\_TYPE\_GHOST}\e...

Your command was ignored.
Type  I <command> <return>  to replace it with another command,
or  <return>  to continue without it.


! LaTeX Error: \begin{deluxetable} on input line 539 ended by \end{tex2html_now
rap}.

See the LaTeX manual or LaTeX Companion for explanation.
Type  H <return>  for immediate help.
 ...                                              
                                                  
l.571 ...{4=OBJ\_TYPE\_GHOST}\end{tex2html_nowrap}
                                                          Ghost  &  \\
Your command was ignored.
Type  I <command> <return>  to replace it with another command,
or  <return>  to continue without it.


! LaTeX Error: Environment tex2html_nowrap undefined.

See the LaTeX manual or LaTeX Companion for explanation.
Type  H <return>  for immediate help.
 ...                                              
                                                  
l.572 & &    \begin{tex2html_nowrap}
                                    \makebox[1.5in][l]{5=OBJ\_TYPE\_KNOWNOBJ...

Your command was ignored.
Type  I <command> <return>  to replace it with another command,
or  <return>  to continue without it.


! LaTeX Error: \begin{deluxetable} on input line 539 ended by \end{tex2html_now
rap}.

See the LaTeX manual or LaTeX Companion for explanation.
Type  H <return>  for immediate help.
 ...                                              
                                                  
l.572 ...OBJ\_TYPE\_KNOWNOBJ}\end{tex2html_nowrap}
                                                       Known object &  \\
Your command was ignored.
Type  I <command> <return>  to replace it with another command,
or  <return>  to continue without it.


! LaTeX Error: Environment tex2html_nowrap undefined.

See the LaTeX manual or LaTeX Companion for explanation.
Type  H <return>  for immediate help.
 ...                                              
                                                  
l.573 & &    \begin{tex2html_nowrap}
                                    \makebox[1.5in][l]{6=OBJ\_TYPE\_STAR}\en...

Your command was ignored.
Type  I <command> <return>  to replace it with another command,
or  <return>  to continue without it.


! LaTeX Error: \begin{deluxetable} on input line 539 ended by \end{tex2html_now
rap}.

See the LaTeX manual or LaTeX Companion for explanation.
Type  H <return>  for immediate help.
 ...                                              
                                                  
l.573 ...]{6=OBJ\_TYPE\_STAR}\end{tex2html_nowrap}
                                                          Star &  \\
Your command was ignored.
Type  I <command> <return>  to replace it with another command,
or  <return>  to continue without it.


! LaTeX Error: Environment tex2html_nowrap undefined.

See the LaTeX manual or LaTeX Companion for explanation.
Type  H <return>  for immediate help.
 ...                                              
                                                  
l.574 & &    \begin{tex2html_nowrap}
                                    \makebox[1.5in][l]{7=OBJ\_TYPE\_TRAIL}\e...

Your command was ignored.
Type  I <command> <return>  to replace it with another command,
or  <return>  to continue without it.


! LaTeX Error: \begin{deluxetable} on input line 539 ended by \end{tex2html_now
rap}.

See the LaTeX manual or LaTeX Companion for explanation.
Type  H <return>  for immediate help.
 ...                                              
                                                  
l.574 ...{7=OBJ\_TYPE\_TRAIL}\end{tex2html_nowrap}
                                                          Star trail &  \\
Your command was ignored.
Type  I <command> <return>  to replace it with another command,
or  <return>  to continue without it.


! LaTeX Error: Environment tex2html_nowrap undefined.

See the LaTeX manual or LaTeX Companion for explanation.
Type  H <return>  for immediate help.
 ...                                              
                                                  
l.575 & &    \begin{tex2html_nowrap}
                                    \makebox[1.5in][l]{8=OBJ\_TYPE\_SKY}\end...

Your command was ignored.
Type  I <command> <return>  to replace it with another command,
or  <return>  to continue without it.


! LaTeX Error: \begin{deluxetable} on input line 539 ended by \end{tex2html_now
rap}.

See the LaTeX manual or LaTeX Companion for explanation.
Type  H <return>  for immediate help.
 ...                                              
                                                  
l.575 ...l]{8=OBJ\_TYPE\_SKY}\end{tex2html_nowrap}
                                                            Sky  &  \\
Your command was ignored.
Type  I <command> <return>  to replace it with another command,
or  <return>  to continue without it.

Page 1 of table 4 has been set to width 477.50673pt with 166 lines per page 

Overfull \hbox (7.75174pt too wide) in paragraph at lines 552--723
 [][] 
 []

[31]
Page 2 of table 4 has been set to width 426.734pt with 166 lines per page 
[32


]

! LaTeX Error: Environment tex2html_nowrap undefined.

See the LaTeX manual or LaTeX Companion for explanation.
Type  H <return>  for immediate help.
 ...                                              
                                                  
l.796 & &   \begin{tex2html_nowrap}
                                   \makebox[1.5in][l]{ 0=NOT\_MEASURED}\end{...

Your command was ignored.
Type  I <command> <return>  to replace it with another command,
or  <return>  to continue without it.


! LaTeX Error: \begin{deluxetable} on input line 768 ended by \end{tex2html_now
rap}.

See the LaTeX manual or LaTeX Companion for explanation.
Type  H <return>  for immediate help.
 ...                                              
                                                  
l.796 ...l]{ 0=NOT\_MEASURED}\end{tex2html_nowrap}
                                                     Not yet measured (sky or
Your command was ignored.
Type  I <command> <return>  to replace it with another command,
or  <return>  to continue without it.


! LaTeX Error: Environment tex2html_nowrap undefined.

See the LaTeX manual or LaTeX Companion for explanation.
Type  H <return>  for immediate help.
 ...                                              
                                                  
l.798 & &   \begin{tex2html_nowrap}
                                   \makebox[1.5in][l]{ 1=FAILED}\end{tex2htm...

Your command was ignored.
Type  I <command> <return>  to replace it with another command,
or  <return>  to continue without it.


! LaTeX Error: \begin{deluxetable} on input line 768 ended by \end{tex2html_now
rap}.

See the LaTeX manual or LaTeX Companion for explanation.
Type  H <return>  for immediate help.
 ...                                              
                                                  
l.798 ...1.5in][l]{ 1=FAILED}\end{tex2html_nowrap}
                                                          Redshift measurement
Your command was ignored.
Type  I <command> <return>  to replace it with another command,
or  <return>  to continue without it.


! LaTeX Error: Environment tex2html_nowrap undefined.

See the LaTeX manual or LaTeX Companion for explanation.
Type  H <return>  for immediate help.
 ...                                              
                                                  
l.800 & &   \begin{tex2html_nowrap}
                                   \makebox[1.5in][l]{ 2=INCONSISTENT}\end{t...

Your command was ignored.
Type  I <command> <return>  to replace it with another command,
or  <return>  to continue without it.


! LaTeX Error: \begin{deluxetable} on input line 768 ended by \end{tex2html_now
rap}.

See the LaTeX manual or LaTeX Companion for explanation.
Type  H <return>  for immediate help.
 ...                                              
                                                  
l.800 ...[l]{ 2=INCONSISTENT}\end{tex2html_nowrap}
                                                    x-corr \& emz redshifts
Your command was ignored.
Type  I <command> <return>  to replace it with another command,
or  <return>  to continue without it.


! LaTeX Error: Environment tex2html_nowrap undefined.

See the LaTeX manual or LaTeX Companion for explanation.
Type  H <return>  for immediate help.
 ...                                              
                                                  
l.802 & &    \begin{tex2html_nowrap}
                                    \makebox[1.5in][l]{ 3=XCORR\_EMLINE}\end...

Your command was ignored.
Type  I <command> <return>  to replace it with another command,
or  <return>  to continue without it.


! LaTeX Error: \begin{deluxetable} on input line 768 ended by \end{tex2html_now
rap}.

See the LaTeX manual or LaTeX Companion for explanation.
Type  H <return>  for immediate help.
 ...                                              
                                                  
l.802 ...l]{ 3=XCORR\_EMLINE}\end{tex2html_nowrap}
                                                    x-corr plus consistent e...

Your command was ignored.
Type  I <command> <return>  to replace it with another command,
or  <return>  to continue without it.


! LaTeX Error: Environment tex2html_nowrap undefined.

See the LaTeX manual or LaTeX Companion for explanation.
Type  H <return>  for immediate help.
 ...                                              
                                                  
l.803 & &    \begin{tex2html_nowrap}
                                    \makebox[1.5in][l]{ 4=XCORR\_HIC}\end{te...

Your command was ignored.
Type  I <command> <return>  to replace it with another command,
or  <return>  to continue without it.


! LaTeX Error: \begin{deluxetable} on input line 768 ended by \end{tex2html_now
rap}.

See the LaTeX manual or LaTeX Companion for explanation.
Type  H <return>  for immediate help.
 ...                                              
                                                  
l.803 ...n][l]{ 4=XCORR\_HIC}\end{tex2html_nowrap}
                                                      z determined from x-corr
Your command was ignored.
Type  I <command> <return>  to replace it with another command,
or  <return>  to continue without it.


! LaTeX Error: Environment tex2html_nowrap undefined.

See the LaTeX manual or LaTeX Companion for explanation.
Type  H <return>  for immediate help.
 ...                                              
                                                  
l.805 & &    \begin{tex2html_nowrap}
                                    \makebox[1.5in][l]{ 5=XCORR\_LOC}\end{te...

Your command was ignored.
Type  I <command> <return>  to replace it with another command,
or  <return>  to continue without it.


! LaTeX Error: \begin{deluxetable} on input line 768 ended by \end{tex2html_now
rap}.

See the LaTeX manual or LaTeX Companion for explanation.
Type  H <return>  for immediate help.
 ...                                              
                                                  
l.805 ...n][l]{ 5=XCORR\_LOC}\end{tex2html_nowrap}
                                                      z determined from x-co...

Your command was ignored.
Type  I <command> <return>  to replace it with another command,
or  <return>  to continue without it.


! LaTeX Error: Environment tex2html_nowrap undefined.

See the LaTeX manual or LaTeX Companion for explanation.
Type  H <return>  for immediate help.
 ...                                              
                                                  
l.806 & &    \begin{tex2html_nowrap}
                                    \makebox[1.5in][l]{ 6=EMLINE\_XCORR}\end...

Your command was ignored.
Type  I <command> <return>  to replace it with another command,
or  <return>  to continue without it.


! LaTeX Error: \begin{deluxetable} on input line 768 ended by \end{tex2html_now
rap}.

See the LaTeX manual or LaTeX Companion for explanation.
Type  H <return>  for immediate help.
 ...                                              
                                                  
l.806 ...l]{ 6=EMLINE\_XCORR}\end{tex2html_nowrap}
                                                    Emz plus consistent xcor...

Your command was ignored.
Type  I <command> <return>  to replace it with another command,
or  <return>  to continue without it.


! LaTeX Error: Environment tex2html_nowrap undefined.

See the LaTeX manual or LaTeX Companion for explanation.
Type  H <return>  for immediate help.
 ...                                              
                                                  
l.807 & &    \begin{tex2html_nowrap}
                                    \makebox[1.5in][l]{ 7=EMLINE\_HIC}\end{t...

Your command was ignored.
Type  I <command> <return>  to replace it with another command,
or  <return>  to continue without it.


! LaTeX Error: \begin{deluxetable} on input line 768 ended by \end{tex2html_now
rap}.

See the LaTeX manual or LaTeX Companion for explanation.
Type  H <return>  for immediate help.
 ...                                              
                                                  
l.807 ...][l]{ 7=EMLINE\_HIC}\end{tex2html_nowrap}
                                                      z determined from
Your command was ignored.
Type  I <command> <return>  to replace it with another command,
or  <return>  to continue without it.


! LaTeX Error: Environment tex2html_nowrap undefined.

See the LaTeX manual or LaTeX Companion for explanation.
Type  H <return>  for immediate help.
 ...                                              
                                                  
l.809 & &    \begin{tex2html_nowrap}
                                    \makebox[1.5in][l]{ 8=EMLINE\_LOC}\end{t...

Your command was ignored.
Type  I <command> <return>  to replace it with another command,
or  <return>  to continue without it.


! LaTeX Error: \begin{deluxetable} on input line 768 ended by \end{tex2html_now
rap}.

See the LaTeX manual or LaTeX Companion for explanation.
Type  H <return>  for immediate help.
 ...                                              
                                                  
l.809 ...][l]{ 8=EMLINE\_LOC}\end{tex2html_nowrap}
                                                      z determined from
Your command was ignored.
Type  I <command> <return>  to replace it with another command,
or  <return>  to continue without it.


! LaTeX Error: Environment tex2html_nowrap undefined.

See the LaTeX manual or LaTeX Companion for explanation.
Type  H <return>  for immediate help.
 ...                                              
                                                  
l.811 & &    \begin{tex2html_nowrap}
                                    \makebox[1.5in][l]{ 9=MANUAL\_HIC}\end{t...

Your command was ignored.
Type  I <command> <return>  to replace it with another command,
or  <return>  to continue without it.


! LaTeX Error: \begin{deluxetable} on input line 768 ended by \end{tex2html_now
rap}.

See the LaTeX manual or LaTeX Companion for explanation.
Type  H <return>  for immediate help.
 ...                                              
                                                  
l.811 ...][l]{ 9=MANUAL\_HIC}\end{tex2html_nowrap}
                                                      z determined "by hand"...

Your command was ignored.
Type  I <command> <return>  to replace it with another command,
or  <return>  to continue without it.


! LaTeX Error: Environment tex2html_nowrap undefined.

See the LaTeX manual or LaTeX Companion for explanation.
Type  H <return>  for immediate help.
 ...                                              
                                                  
l.812 & &   \begin{tex2html_nowrap}
                                   \makebox[1.5in][l]{10=MANUAL\_LOC}\end{te...

Your command was ignored.
Type  I <command> <return>  to replace it with another command,
or  <return>  to continue without it.


! LaTeX Error: \begin{deluxetable} on input line 768 ended by \end{tex2html_now
rap}.

See the LaTeX manual or LaTeX Companion for explanation.
Type  H <return>  for immediate help.
 ...                                              
                                                  
l.812 ...][l]{10=MANUAL\_LOC}\end{tex2html_nowrap}
                                                      z determined "by hand"...

Your command was ignored.
Type  I <command> <return>  to replace it with another command,
or  <return>  to continue without it.


! LaTeX Error: Environment tex2html_nowrap undefined.

See the LaTeX manual or LaTeX Companion for explanation.
Type  H <return>  for immediate help.
 ...                                              
                                                  
l.813 & &   \begin{tex2html_nowrap}
                                   \makebox[1.5in][l]{11=XCORR\_4000BREAK}\e...

Your command was ignored.
Type  I <command> <return>  to replace it with another command,
or  <return>  to continue without it.


! LaTeX Error: \begin{deluxetable} on input line 768 ended by \end{tex2html_now
rap}.

See the LaTeX manual or LaTeX Companion for explanation.
Type  H <return>  for immediate help.
 ...                                              
                                                  
l.813 ...11=XCORR\_4000BREAK}\end{tex2html_nowrap}
                                                       x-corr redshift
Your command was ignored.
Type  I <command> <return>  to replace it with another command,
or  <return>  to continue without it.


! LaTeX Error: Environment tex2html_nowrap undefined.

See the LaTeX manual or LaTeX Companion for explanation.
Type  H <return>  for immediate help.
 ...                                              
                                                  
l.816 & &   \begin{tex2html_nowrap}
                                   \makebox[1.5in][l]{0=SPEC\_UNKNOWN}\end{t...

Your command was ignored.
Type  I <command> <return>  to replace it with another command,
or  <return>  to continue without it.


! LaTeX Error: \begin{deluxetable} on input line 768 ended by \end{tex2html_now
rap}.

See the LaTeX manual or LaTeX Companion for explanation.
Type  H <return>  for immediate help.
 ...                                              
                                                  
l.816 ...[l]{0=SPEC\_UNKNOWN}\end{tex2html_nowrap}
                                                    unknown \\
Your command was ignored.
Type  I <command> <return>  to replace it with another command,
or  <return>  to continue without it.


! LaTeX Error: Environment tex2html_nowrap undefined.

See the LaTeX manual or LaTeX Companion for explanation.
Type  H <return>  for immediate help.
 ...                                              
                                                  
l.817 & &   \begin{tex2html_nowrap}
                                   \makebox[1.5in][l]{1=SPEC\_STAR}\end{tex2...

Your command was ignored.
Type  I <command> <return>  to replace it with another command,
or  <return>  to continue without it.


! LaTeX Error: \begin{deluxetable} on input line 768 ended by \end{tex2html_now
rap}.

See the LaTeX manual or LaTeX Companion for explanation.
Type  H <return>  for immediate help.
 ...                                              
                                                  
l.817 ...in][l]{1=SPEC\_STAR}\end{tex2html_nowrap}
                                                    star \\
Your command was ignored.
Type  I <command> <return>  to replace it with another command,
or  <return>  to continue without it.


! LaTeX Error: Environment tex2html_nowrap undefined.

See the LaTeX manual or LaTeX Companion for explanation.
Type  H <return>  for immediate help.
 ...                                              
                                                  
l.818 & &   \begin{tex2html_nowrap}
                                   \makebox[1.5in][l]{2=SPEC\_GALAXY}\end{te...

Your command was ignored.
Type  I <command> <return>  to replace it with another command,
or  <return>  to continue without it.


! LaTeX Error: \begin{deluxetable} on input line 768 ended by \end{tex2html_now
rap}.

See the LaTeX manual or LaTeX Companion for explanation.
Type  H <return>  for immediate help.
 ...                                              
                                                  
l.818 ...][l]{2=SPEC\_GALAXY}\end{tex2html_nowrap}
                                                   galaxy \\
Your command was ignored.
Type  I <command> <return>  to replace it with another command,
or  <return>  to continue without it.


! LaTeX Error: Environment tex2html_nowrap undefined.

See the LaTeX manual or LaTeX Companion for explanation.
Type  H <return>  for immediate help.
 ...                                              
                                                  
l.819 & &   \begin{tex2html_nowrap}
                                   \makebox[1.5in][l]{3=SPEC\_QSO}\end{tex2h...

Your command was ignored.
Type  I <command> <return>  to replace it with another command,
or  <return>  to continue without it.


! LaTeX Error: \begin{deluxetable} on input line 768 ended by \end{tex2html_now
rap}.

See the LaTeX manual or LaTeX Companion for explanation.
Type  H <return>  for immediate help.
 ...                                              
                                                  
l.819 ...5in][l]{3=SPEC\_QSO}\end{tex2html_nowrap}
                                                   quasar \\
Your command was ignored.
Type  I <command> <return>  to replace it with another command,
or  <return>  to continue without it.


! LaTeX Error: Environment tex2html_nowrap undefined.

See the LaTeX manual or LaTeX Companion for explanation.
Type  H <return>  for immediate help.
 ...                                              
                                                  
l.820 & &   \begin{tex2html_nowrap}
                                   \makebox[1.5in][l]{4=SPEC\_HIZ\_QSO}\end{...

Your command was ignored.
Type  I <command> <return>  to replace it with another command,
or  <return>  to continue without it.


! LaTeX Error: \begin{deluxetable} on input line 768 ended by \end{tex2html_now
rap}.

See the LaTeX manual or LaTeX Companion for explanation.
Type  H <return>  for immediate help.
 ...                                              
                                                  
l.820 ...l]{4=SPEC\_HIZ\_QSO}\end{tex2html_nowrap}
                                                      high redshift quasar; ...

Your command was ignored.
Type  I <command> <return>  to replace it with another command,
or  <return>  to continue without it.


! LaTeX Error: Environment tex2html_nowrap undefined.

See the LaTeX manual or LaTeX Companion for explanation.
Type  H <return>  for immediate help.
 ...                                              
                                                  
l.821 & &   \begin{tex2html_nowrap}
                                   \makebox[1.5in][l]{}\end{tex2html_nowrap}...

Your command was ignored.
Type  I <command> <return>  to replace it with another command,
or  <return>  to continue without it.


! LaTeX Error: \begin{deluxetable} on input line 768 ended by \end{tex2html_now
rap}.

See the LaTeX manual or LaTeX Companion for explanation.
Type  H <return>  for immediate help.
 ...                                              
                                                  
l.821 ...\makebox[1.5in][l]{}\end{tex2html_nowrap}
                                                  \ triggers use of the Ly$\...

Your command was ignored.
Type  I <command> <return>  to replace it with another command,
or  <return>  to continue without it.


! LaTeX Error: Environment tex2html_nowrap undefined.

See the LaTeX manual or LaTeX Companion for explanation.
Type  H <return>  for immediate help.
 ...                                              
                                                  
l.822 & &   \begin{tex2html_nowrap}
                                   \makebox[1.5in][l]{5=SPEC\_SKY}\end{tex2h...

Your command was ignored.
Type  I <command> <return>  to replace it with another command,
or  <return>  to continue without it.


! LaTeX Error: \begin{deluxetable} on input line 768 ended by \end{tex2html_now
rap}.

See the LaTeX manual or LaTeX Companion for explanation.
Type  H <return>  for immediate help.
 ...                                              
                                                  
l.822 ...5in][l]{5=SPEC\_SKY}\end{tex2html_nowrap}
                                                    sky\\
Your command was ignored.
Type  I <command> <return>  to replace it with another command,
or  <return>  to continue without it.


! LaTeX Error: Environment tex2html_nowrap undefined.

See the LaTeX manual or LaTeX Companion for explanation.
Type  H <return>  for immediate help.
 ...                                              
                                                  
l.823 & &   \begin{tex2html_nowrap}
                                   \makebox[1.5in][l]{6=STAR\_LATE}\end{tex2...

Your command was ignored.
Type  I <command> <return>  to replace it with another command,
or  <return>  to continue without it.


! LaTeX Error: \begin{deluxetable} on input line 768 ended by \end{tex2html_now
rap}.

See the LaTeX manual or LaTeX Companion for explanation.
Type  H <return>  for immediate help.
 ...                                              
                                                  
l.823 ...in][l]{6=STAR\_LATE}\end{tex2html_nowrap}
                                                         star dominated by m...

Your command was ignored.
Type  I <command> <return>  to replace it with another command,
or  <return>  to continue without it.


! LaTeX Error: Environment tex2html_nowrap undefined.

See the LaTeX manual or LaTeX Companion for explanation.
Type  H <return>  for immediate help.
 ...                                              
                                                  
l.824 & &   \begin{tex2html_nowrap}
                                   \makebox[1.5in][l]{7=GAL\_EM}\end{tex2htm...

Your command was ignored.
Type  I <command> <return>  to replace it with another command,
or  <return>  to continue without it.


! LaTeX Error: \begin{deluxetable} on input line 768 ended by \end{tex2html_now
rap}.

See the LaTeX manual or LaTeX Companion for explanation.
Type  H <return>  for immediate help.
 ...                                              
                                                  
l.824 ...1.5in][l]{7=GAL\_EM}\end{tex2html_nowrap}
                                                           emission line gal...

Your command was ignored.
Type  I <command> <return>  to replace it with another command,
or  <return>  to continue without it.


! LaTeX Error: Environment tex2html_nowrap undefined.

See the LaTeX manual or LaTeX Companion for explanation.
Type  H <return>  for immediate help.
 ...                                              
                                                  
l.826 & &   \begin{tex2html_nowrap}
                                   \makebox[1.7in][l]{0x00000=Z\_WARNING\_OK...

Your command was ignored.
Type  I <command> <return>  to replace it with another command,
or  <return>  to continue without it.


! LaTeX Error: \begin{deluxetable} on input line 768 ended by \end{tex2html_now
rap}.

See the LaTeX manual or LaTeX Companion for explanation.
Type  H <return>  for immediate help.
 ...                                              
                                                  
l.826 ...0000=Z\_WARNING\_OK}\end{tex2html_nowrap}
                                                             no warnings  \\
Your command was ignored.
Type  I <command> <return>  to replace it with another command,
or  <return>  to continue without it.


! LaTeX Error: Environment tex2html_nowrap undefined.

See the LaTeX manual or LaTeX Companion for explanation.
Type  H <return>  for immediate help.
 ...                                              
                                                  
l.827 & &   \begin{tex2html_nowrap}
                                   \makebox[1.7in][l]{0x00001=Z\_WARNING\_NO...

Your command was ignored.
Type  I <command> <return>  to replace it with another command,
or  <return>  to continue without it.


! LaTeX Error: \begin{deluxetable} on input line 768 ended by \end{tex2html_now
rap}.

See the LaTeX manual or LaTeX Companion for explanation.
Type  H <return>  for immediate help.
 ...                                              
                                                  
l.827 ...\_WARNING\_NO\_SPEC}\end{tex2html_nowrap}
                                                      no spectrum  \\
Your command was ignored.
Type  I <command> <return>  to replace it with another command,
or  <return>  to continue without it.


! LaTeX Error: Environment tex2html_nowrap undefined.

See the LaTeX manual or LaTeX Companion for explanation.
Type  H <return>  for immediate help.
 ...                                              
                                                  
l.828 & &   \begin{tex2html_nowrap}
                                   \makebox[1.7in][l]{0x00002=Z\_WARNING\_NO...

Your command was ignored.
Type  I <command> <return>  to replace it with another command,
or  <return>  to continue without it.


! LaTeX Error: \begin{deluxetable} on input line 768 ended by \end{tex2html_now
rap}.

See the LaTeX manual or LaTeX Companion for explanation.
Type  H <return>  for immediate help.
 ...                                              
                                                  
l.828 ...\_WARNING\_NO\_BLUE}\end{tex2html_nowrap}
                                                       no blue side spectrum \\

Your command was ignored.
Type  I <command> <return>  to replace it with another command,
or  <return>  to continue without it.


! LaTeX Error: Environment tex2html_nowrap undefined.

See the LaTeX manual or LaTeX Companion for explanation.
Type  H <return>  for immediate help.
 ...                                              
                                                  
l.829 & &   \begin{tex2html_nowrap}
                                   \makebox[1.7in][l]{0x00004=Z\_WARNING\_NO...

Your command was ignored.
Type  I <command> <return>  to replace it with another command,
or  <return>  to continue without it.


! LaTeX Error: \begin{deluxetable} on input line 768 ended by \end{tex2html_now
rap}.

See the LaTeX manual or LaTeX Companion for explanation.
Type  H <return>  for immediate help.
 ...                                              
                                                  
l.829 ...Z\_WARNING\_NO\_RED}\end{tex2html_nowrap}
                                                        no red side spectrum...

Your command was ignored.
Type  I <command> <return>  to replace it with another command,
or  <return>  to continue without it.


! LaTeX Error: Environment tex2html_nowrap undefined.

See the LaTeX manual or LaTeX Companion for explanation.
Type  H <return>  for immediate help.
 ...                                              
                                                  
l.830 & &   \begin{tex2html_nowrap}
                                   \makebox[1.7in][l]{0x00010=Z\_WARNING\_NO...

Your command was ignored.
Type  I <command> <return>  to replace it with another command,
or  <return>  to continue without it.


! LaTeX Error: \begin{deluxetable} on input line 768 ended by \end{tex2html_now
rap}.

See the LaTeX manual or LaTeX Companion for explanation.
Type  H <return>  for immediate help.
 ...                                              
                                                  
l.830 ...\_WARNING\_NOT\_GAL}\end{tex2html_nowrap}
                                                        classification does ...

Your command was ignored.
Type  I <command> <return>  to replace it with another command,
or  <return>  to continue without it.


! LaTeX Error: Environment tex2html_nowrap undefined.

See the LaTeX manual or LaTeX Companion for explanation.
Type  H <return>  for immediate help.
 ...                                              
                                                  
l.831 & &   \begin{tex2html_nowrap}
                                   \makebox[1.7in][l]{0x00020=Z\_WARNING\_NO...

Your command was ignored.
Type  I <command> <return>  to replace it with another command,
or  <return>  to continue without it.


! LaTeX Error: \begin{deluxetable} on input line 768 ended by \end{tex2html_now
rap}.

See the LaTeX manual or LaTeX Companion for explanation.
Type  H <return>  for immediate help.
 ...                                              
                                                  
l.831 ...\_WARNING\_NOT\_QSO}\end{tex2html_nowrap}
                                                       classification does n...

Your command was ignored.
Type  I <command> <return>  to replace it with another command,
or  <return>  to continue without it.


! LaTeX Error: Environment tex2html_nowrap undefined.

See the LaTeX manual or LaTeX Companion for explanation.
Type  H <return>  for immediate help.
 ...                                              
                                                  
l.832 & &   \begin{tex2html_nowrap}
                                   \makebox[1.7in][l]{0x00040=Z\_WARNING\_NO...

Your command was ignored.
Type  I <command> <return>  to replace it with another command,
or  <return>  to continue without it.


! LaTeX Error: \begin{deluxetable} on input line 768 ended by \end{tex2html_now
rap}.

See the LaTeX manual or LaTeX Companion for explanation.
Type  H <return>  for immediate help.
 ...                                              
                                                  
l.832 ..._WARNING\_NOT\_STAR}\end{tex2html_nowrap}
                                                       classification does n...

Your command was ignored.
Type  I <command> <return>  to replace it with another command,
or  <return>  to continue without it.


! LaTeX Error: Environment tex2html_nowrap undefined.

See the LaTeX manual or LaTeX Companion for explanation.
Type  H <return>  for immediate help.
 ...                                              
                                                  
l.833 & &   \begin{tex2html_nowrap}
                                   \makebox[1.7in][l]{0x00080=Z\_WARNING\_GA...

Your command was ignored.
Type  I <command> <return>  to replace it with another command,
or  <return>  to continue without it.


! LaTeX Error: \begin{deluxetable} on input line 768 ended by \end{tex2html_now
rap}.

See the LaTeX manual or LaTeX Companion for explanation.
Type  H <return>  for immediate help.
 ...                                              
                                                  
l.833 ..._WARNING\_GAL\_COEF}\end{tex2html_nowrap}
                                                      galaxy PCA coefficient...

Your command was ignored.
Type  I <command> <return>  to replace it with another command,
or  <return>  to continue without it.


! LaTeX Error: Environment tex2html_nowrap undefined.

See the LaTeX manual or LaTeX Companion for explanation.
Type  H <return>  for immediate help.
 ...                                              
                                                  
l.834 & &   \begin{tex2html_nowrap}
                                   \makebox[1.7in][l]{0x00100=Z\_WARNING\_EM...

Your command was ignored.
Type  I <command> <return>  to replace it with another command,
or  <return>  to continue without it.


! LaTeX Error: \begin{deluxetable} on input line 768 ended by \end{tex2html_now
rap}.

See the LaTeX manual or LaTeX Companion for explanation.
Type  H <return>  for immediate help.
 ...                                              
                                                  
l.834 ..._WARNING\_EMAB\_INC}\end{tex2html_nowrap}
                                                      emission and absorptio...

Your command was ignored.
Type  I <command> <return>  to replace it with another command,
or  <return>  to continue without it.


! LaTeX Error: Environment tex2html_nowrap undefined.

See the LaTeX manual or LaTeX Companion for explanation.
Type  H <return>  for immediate help.
 ...                                              
                                                  
l.835 & &   \begin{tex2html_nowrap}
                                   \makebox[1.7in][l]{0x00200=Z\_WARNING\_AB...

Your command was ignored.
Type  I <command> <return>  to replace it with another command,
or  <return>  to continue without it.


! LaTeX Error: \begin{deluxetable} on input line 768 ended by \end{tex2html_now
rap}.

See the LaTeX manual or LaTeX Companion for explanation.
Type  H <return>  for immediate help.
 ...                                              
                                                  
l.835 ...Z\_WARNING\_AB\_INC}\end{tex2html_nowrap}
                                                       absorption redshifts ...

Your command was ignored.
Type  I <command> <return>  to replace it with another command,
or  <return>  to continue without it.


! LaTeX Error: Environment tex2html_nowrap undefined.

See the LaTeX manual or LaTeX Companion for explanation.
Type  H <return>  for immediate help.
 ...                                              
                                                  
l.836 & &   \begin{tex2html_nowrap}
                                   \makebox[1.7in][l]{0x00400=Z\_WARNING\_EM...

Your command was ignored.
Type  I <command> <return>  to replace it with another command,
or  <return>  to continue without it.


! LaTeX Error: \begin{deluxetable} on input line 768 ended by \end{tex2html_now
rap}.

See the LaTeX manual or LaTeX Companion for explanation.
Type  H <return>  for immediate help.
 ...                                              
                                                  
l.836 ...Z\_WARNING\_EM\_INC}\end{tex2html_nowrap}
                                                        emission redshifts i...

Your command was ignored.
Type  I <command> <return>  to replace it with another command,
or  <return>  to continue without it.


! LaTeX Error: Environment tex2html_nowrap undefined.

See the LaTeX manual or LaTeX Companion for explanation.
Type  H <return>  for immediate help.
 ...                                              
                                                  
l.837 & &   \begin{tex2html_nowrap}
                                   \makebox[1.7in][l]{0x00800=Z\_WARNING\_HI...

Your command was ignored.
Type  I <command> <return>  to replace it with another command,
or  <return>  to continue without it.


! LaTeX Error: \begin{deluxetable} on input line 768 ended by \end{tex2html_now
rap}.

See the LaTeX manual or LaTeX Companion for explanation.
Type  H <return>  for immediate help.
 ...                                              
                                                  
l.837 ...800=Z\_WARNING\_HIZ}\end{tex2html_nowrap}
                                                          redshift is high  \\
Your command was ignored.
Type  I <command> <return>  to replace it with another command,
or  <return>  to continue without it.


! LaTeX Error: Environment tex2html_nowrap undefined.

See the LaTeX manual or LaTeX Companion for explanation.
Type  H <return>  for immediate help.
 ...                                              
                                                  
l.838 & &   \begin{tex2html_nowrap}
                                   \makebox[1.7in][l]{0x01000=Z\_WARNING\_LO...

Your command was ignored.
Type  I <command> <return>  to replace it with another command,
or  <return>  to continue without it.


! LaTeX Error: \begin{deluxetable} on input line 768 ended by \end{tex2html_now
rap}.

See the LaTeX manual or LaTeX Companion for explanation.
Type  H <return>  for immediate help.
 ...                                              
                                                  
l.838 ...000=Z\_WARNING\_LOC}\end{tex2html_nowrap}
                                                         confidence is low  \\
Your command was ignored.
Type  I <command> <return>  to replace it with another command,
or  <return>  to continue without it.


! LaTeX Error: Environment tex2html_nowrap undefined.

See the LaTeX manual or LaTeX Companion for explanation.
Type  H <return>  for immediate help.
 ...                                              
                                                  
l.839 & &   \begin{tex2html_nowrap}
                                   \makebox[1.7in][l]{0x02000=Z\_WARNING\_LO...

Your command was ignored.
Type  I <command> <return>  to replace it with another command,
or  <return>  to continue without it.


! LaTeX Error: \begin{deluxetable} on input line 768 ended by \end{tex2html_now
rap}.

See the LaTeX manual or LaTeX Companion for explanation.
Type  H <return>  for immediate help.
 ...                                              
                                                  
l.839 ...\_WARNING\_LOW\_SNG}\end{tex2html_nowrap}
                                                       signal to noise is lo...

Your command was ignored.
Type  I <command> <return>  to replace it with another command,
or  <return>  to continue without it.


! LaTeX Error: Environment tex2html_nowrap undefined.

See the LaTeX manual or LaTeX Companion for explanation.
Type  H <return>  for immediate help.
 ...                                              
                                                  
l.840 & &   \begin{tex2html_nowrap}
                                   \makebox[1.7in][l]{0x04000=Z\_WARNING\_LO...

Your command was ignored.
Type  I <command> <return>  to replace it with another command,
or  <return>  to continue without it.


! LaTeX Error: \begin{deluxetable} on input line 768 ended by \end{tex2html_now
rap}.

See the LaTeX manual or LaTeX Companion for explanation.
Type  H <return>  for immediate help.
 ...                                              
                                                  
l.840 ...\_WARNING\_LOW\_SNR}\end{tex2html_nowrap}
                                                      signal to noise is low...

Your command was ignored.
Type  I <command> <return>  to replace it with another command,
or  <return>  to continue without it.


! LaTeX Error: Environment tex2html_nowrap undefined.

See the LaTeX manual or LaTeX Companion for explanation.
Type  H <return>  for immediate help.
 ...                                              
                                                  
l.841 & &   \begin{tex2html_nowrap}
                                   \makebox[1.7in][l]{0x08000=Z\_WARNING\_LO...

Your command was ignored.
Type  I <command> <return>  to replace it with another command,
or  <return>  to continue without it.


! LaTeX Error: \begin{deluxetable} on input line 768 ended by \end{tex2html_now
rap}.

See the LaTeX manual or LaTeX Companion for explanation.
Type  H <return>  for immediate help.
 ...                                              
                                                  
l.841 ...\_WARNING\_LOW\_SNI}\end{tex2html_nowrap}
                                                       signal to noise is lo...

Your command was ignored.
Type  I <command> <return>  to replace it with another command,
or  <return>  to continue without it.


! LaTeX Error: Environment tex2html_nowrap undefined.

See the LaTeX manual or LaTeX Companion for explanation.
Type  H <return>  for immediate help.
 ...                                              
                                                  
l.842 & &   \begin{tex2html_nowrap}
                                   \makebox[1.7in][l]{0x10000=Z\_WARNING\_40...

Your command was ignored.
Type  I <command> <return>  to replace it with another command,
or  <return>  to continue without it.


! LaTeX Error: \begin{deluxetable} on input line 768 ended by \end{tex2html_now
rap}.

See the LaTeX manual or LaTeX Companion for explanation.
Type  H <return>  for immediate help.
 ...                                              
                                                  
l.842 ..._WARNING\_4000BREAK}\end{tex2html_nowrap}
                                                    EW(4000\AA\ break) $>0.9...

Your command was ignored.
Type  I <command> <return>  to replace it with another command,
or  <return>  to continue without it.


Overfull \hbox (23.8964pt too wide) in paragraph at lines 780--873
 [][] 
 []

Page 1 of table 5 has been set to width 493.65138pt with 166 lines per page 
[33

] [34]
Page 1 of table 6 has been set to width 268.24707pt with 166 lines per page 
[35

]

! LaTeX Error: Environment tex2html_nowrap undefined.

See the LaTeX manual or LaTeX Companion for explanation.
Type  H <return>  for immediate help.
 ...                                              
                                                  
l.958  & &  \begin{tex2html_nowrap}
                                   \makebox[1.5in][l]{AR\_DQ\_BAD}\end{tex2h...

Your command was ignored.
Type  I <command> <return>  to replace it with another command,
or  <return>  to continue without it.


! LaTeX Error: \begin{deluxetable} on input line 923 ended by \end{tex2html_now
rap}.

See the LaTeX manual or LaTeX Companion for explanation.
Type  H <return>  for immediate help.
 ...                                              
                                                  
l.958 ...5in][l]{AR\_DQ\_BAD}\end{tex2html_nowrap}
                                                          = 1,  Not acceptab...

Your command was ignored.
Type  I <command> <return>  to replace it with another command,
or  <return>  to continue without it.


! LaTeX Error: Environment tex2html_nowrap undefined.

See the LaTeX manual or LaTeX Companion for explanation.
Type  H <return>  for immediate help.
 ...                                              
                                                  
l.959  & &  \begin{tex2html_nowrap}
                                   \makebox[1.5in][l]{AR\_DQ\_ACCEPTABLE}\en...

Your command was ignored.
Type  I <command> <return>  to replace it with another command,
or  <return>  to continue without it.


! LaTeX Error: \begin{deluxetable} on input line 923 ended by \end{tex2html_now
rap}.

See the LaTeX manual or LaTeX Companion for explanation.
Type  H <return>  for immediate help.
 ...                                              
                                                  
l.959 ...{AR\_DQ\_ACCEPTABLE}\end{tex2html_nowrap}
                                                   = 2,  Acceptable but bett...

Your command was ignored.
Type  I <command> <return>  to replace it with another command,
or  <return>  to continue without it.


! LaTeX Error: Environment tex2html_nowrap undefined.

See the LaTeX manual or LaTeX Companion for explanation.
Type  H <return>  for immediate help.
 ...                                              
                                                  
l.960  & &  \begin{tex2html_nowrap}
                                   \makebox[1.5in][l]{AR\_DQ\_GOOD}\end{tex2...

Your command was ignored.
Type  I <command> <return>  to replace it with another command,
or  <return>  to continue without it.


! LaTeX Error: \begin{deluxetable} on input line 923 ended by \end{tex2html_now
rap}.

See the LaTeX manual or LaTeX Companion for explanation.
Type  H <return>  for immediate help.
 ...                                              
                                                  
l.960 ...in][l]{AR\_DQ\_GOOD}\end{tex2html_nowrap}
                                                         = 3,  Fully accepta...

Your command was ignored.
Type  I <command> <return>  to replace it with another command,
or  <return>  to continue without it.


! LaTeX Error: Environment tex2html_nowrap undefined.

See the LaTeX manual or LaTeX Companion for explanation.
Type  H <return>  for immediate help.
 ...                                              
                                                  
l.961  & &  \begin{tex2html_nowrap}
                                   \makebox[1.5in][l]{AR\_DQ\_MISSING}\end{t...

Your command was ignored.
Type  I <command> <return>  to replace it with another command,
or  <return>  to continue without it.


! LaTeX Error: \begin{deluxetable} on input line 923 ended by \end{tex2html_now
rap}.

See the LaTeX manual or LaTeX Companion for explanation.
Type  H <return>  for immediate help.
 ...                                              
                                                  
l.961 ...[l]{AR\_DQ\_MISSING}\end{tex2html_nowrap}
                                                      = 4,  Data missing; ac...

Your command was ignored.
Type  I <command> <return>  to replace it with another command,
or  <return>  to continue without it.


! LaTeX Error: Environment tex2html_nowrap undefined.

See the LaTeX manual or LaTeX Companion for explanation.
Type  H <return>  for immediate help.
 ...                                              
                                                  
l.962  & &  \begin{tex2html_nowrap}
                                   \makebox[1.5in][l]{AR\_DQ\_HOLE}\end{tex2...

Your command was ignored.
Type  I <command> <return>  to replace it with another command,
or  <return>  to continue without it.


! LaTeX Error: \begin{deluxetable} on input line 923 ended by \end{tex2html_now
rap}.

See the LaTeX manual or LaTeX Companion for explanation.
Type  H <return>  for immediate help.
 ...                                              
                                                  
l.962 ...in][l]{AR\_DQ\_HOLE}\end{tex2html_nowrap}
                                                         = 5,  Data poor; ac...

Your command was ignored.
Type  I <command> <return>  to replace it with another command,
or  <return>  to continue without it.


! LaTeX Error: Environment tex2html_nowrap undefined.

See the LaTeX manual or LaTeX Companion for explanation.
Type  H <return>  for immediate help.
 ...                                              
                                                  
l.1022 & &  \begin{tex2html_nowrap}
                                   \makebox[2in][l]{AR\_FQ\_SEEING}\end{tex2...

Your command was ignored.
Type  I <command> <return>  to replace it with another command,
or  <return>  to continue without it.


! LaTeX Error: \begin{deluxetable} on input line 923 ended by \end{tex2html_now
rap}.

See the LaTeX manual or LaTeX Companion for explanation.
Type  H <return>  for immediate help.
 ...                                              
                                                  
l.1022 ...[l]{AR\_FQ\_SEEING}\end{tex2html_nowrap}
                                                   = 0x1, \\
Your command was ignored.
Type  I <command> <return>  to replace it with another command,
or  <return>  to continue without it.


! LaTeX Error: Environment tex2html_nowrap undefined.

See the LaTeX manual or LaTeX Companion for explanation.
Type  H <return>  for immediate help.
 ...                                              
                                                  
l.1023 & &  \begin{tex2html_nowrap}
                                   \makebox[2in][l]{AR\_FQ\_TRACKING}\end{te...

Your command was ignored.
Type  I <command> <return>  to replace it with another command,
or  <return>  to continue without it.


! LaTeX Error: \begin{deluxetable} on input line 923 ended by \end{tex2html_now
rap}.

See the LaTeX manual or LaTeX Companion for explanation.
Type  H <return>  for immediate help.
 ...                                              
                                                  
l.1023 ...]{AR\_FQ\_TRACKING}\end{tex2html_nowrap}
                                                           = 0x2 \\
Your command was ignored.
Type  I <command> <return>  to replace it with another command,
or  <return>  to continue without it.


! LaTeX Error: Environment tex2html_nowrap undefined.

See the LaTeX manual or LaTeX Companion for explanation.
Type  H <return>  for immediate help.
 ...                                              
                                                  
l.1024 & &  \begin{tex2html_nowrap}
                                   \makebox[2in][l]{AR\_FQ\_PSF}\end{tex2htm...

Your command was ignored.
Type  I <command> <return>  to replace it with another command,
or  <return>  to continue without it.


! LaTeX Error: \begin{deluxetable} on input line 923 ended by \end{tex2html_now
rap}.

See the LaTeX manual or LaTeX Companion for explanation.
Type  H <return>  for immediate help.
 ...                                              
                                                  
l.1024 ...in][l]{AR\_FQ\_PSF}\end{tex2html_nowrap}
                                                                = 0x4 \\
Your command was ignored.
Type  I <command> <return>  to replace it with another command,
or  <return>  to continue without it.


! LaTeX Error: Environment tex2html_nowrap undefined.

See the LaTeX manual or LaTeX Companion for explanation.
Type  H <return>  for immediate help.
 ...                                              
                                                  
l.1025 & &  \begin{tex2html_nowrap}
                                   \makebox[2in][l]{AR\_FQ\_PHOTOMETRY}\end{...

Your command was ignored.
Type  I <command> <return>  to replace it with another command,
or  <return>  to continue without it.


! LaTeX Error: \begin{deluxetable} on input line 923 ended by \end{tex2html_now
rap}.

See the LaTeX manual or LaTeX Companion for explanation.
Type  H <return>  for immediate help.
 ...                                              
                                                  
l.1025 ...AR\_FQ\_PHOTOMETRY}\end{tex2html_nowrap}
                                                         = 0x8 \\
Your command was ignored.
Type  I <command> <return>  to replace it with another command,
or  <return>  to continue without it.


! LaTeX Error: Environment tex2html_nowrap undefined.

See the LaTeX manual or LaTeX Companion for explanation.
Type  H <return>  for immediate help.
 ...                                              
                                                  
l.1026 & &  \begin{tex2html_nowrap}
                                   \makebox[2in][l]{AR\_FQ\_PHOTO\_DROPOUT}\...

Your command was ignored.
Type  I <command> <return>  to replace it with another command,
or  <return>  to continue without it.


! LaTeX Error: \begin{deluxetable} on input line 923 ended by \end{tex2html_now
rap}.

See the LaTeX manual or LaTeX Companion for explanation.
Type  H <return>  for immediate help.
 ...                                              
                                                  
l.1026 ...FQ\_PHOTO\_DROPOUT}\end{tex2html_nowrap}
                                                      = 0x10 \\
Your command was ignored.
Type  I <command> <return>  to replace it with another command,
or  <return>  to continue without it.


! LaTeX Error: Environment tex2html_nowrap undefined.

See the LaTeX manual or LaTeX Companion for explanation.
Type  H <return>  for immediate help.
 ...                                              
                                                  
l.1027 & &  \begin{tex2html_nowrap}
                                   \makebox[2in][l]{AR\_FQ\_ODD\_EVEN\_DROPO...

Your command was ignored.
Type  I <command> <return>  to replace it with another command,
or  <return>  to continue without it.


! LaTeX Error: \begin{deluxetable} on input line 923 ended by \end{tex2html_now
rap}.

See the LaTeX manual or LaTeX Companion for explanation.
Type  H <return>  for immediate help.
 ...                                              
                                                  
l.1027 ...ODD\_EVEN\_DROPOUT}\end{tex2html_nowrap}
                                                   = 0x20 \\
Your command was ignored.
Type  I <command> <return>  to replace it with another command,
or  <return>  to continue without it.


! LaTeX Error: Environment tex2html_nowrap undefined.

See the LaTeX manual or LaTeX Companion for explanation.
Type  H <return>  for immediate help.
 ...                                              
                                                  
l.1028 & &  \begin{tex2html_nowrap}
                                   \makebox[2in][l]{AR\_FQ\_SKY\_U}\end{tex2...

Your command was ignored.
Type  I <command> <return>  to replace it with another command,
or  <return>  to continue without it.


! LaTeX Error: \begin{deluxetable} on input line 923 ended by \end{tex2html_now
rap}.

See the LaTeX manual or LaTeX Companion for explanation.
Type  H <return>  for immediate help.
 ...                                              
                                                  
l.1028 ...[l]{AR\_FQ\_SKY\_U}\end{tex2html_nowrap}
                                                              = 0x40 \\
Your command was ignored.
Type  I <command> <return>  to replace it with another command,
or  <return>  to continue without it.


! LaTeX Error: Environment tex2html_nowrap undefined.

See the LaTeX manual or LaTeX Companion for explanation.
Type  H <return>  for immediate help.
 ...                                              
                                                  
l.1029 & &  \begin{tex2html_nowrap}
                                   \makebox[2in][l]{AR\_FQ\_SKY\_G}\end{tex2...

Your command was ignored.
Type  I <command> <return>  to replace it with another command,
or  <return>  to continue without it.


! LaTeX Error: \begin{deluxetable} on input line 923 ended by \end{tex2html_now
rap}.

See the LaTeX manual or LaTeX Companion for explanation.
Type  H <return>  for immediate help.
 ...                                              
                                                  
l.1029 ...[l]{AR\_FQ\_SKY\_G}\end{tex2html_nowrap}
                                                              = 0x80 \\
Your command was ignored.
Type  I <command> <return>  to replace it with another command,
or  <return>  to continue without it.


! LaTeX Error: Environment tex2html_nowrap undefined.

See the LaTeX manual or LaTeX Companion for explanation.
Type  H <return>  for immediate help.
 ...                                              
                                                  
l.1030 & &  \begin{tex2html_nowrap}
                                   \makebox[2in][l]{AR\_FQ\_SKY\_R}\end{tex2...

Your command was ignored.
Type  I <command> <return>  to replace it with another command,
or  <return>  to continue without it.


! LaTeX Error: \begin{deluxetable} on input line 923 ended by \end{tex2html_now
rap}.

See the LaTeX manual or LaTeX Companion for explanation.
Type  H <return>  for immediate help.
 ...                                              
                                                  
l.1030 ...[l]{AR\_FQ\_SKY\_R}\end{tex2html_nowrap}
                                                              = 0x100 \\
Your command was ignored.
Type  I <command> <return>  to replace it with another command,
or  <return>  to continue without it.


! LaTeX Error: Environment tex2html_nowrap undefined.

See the LaTeX manual or LaTeX Companion for explanation.
Type  H <return>  for immediate help.
 ...                                              
                                                  
l.1031 & &  \begin{tex2html_nowrap}
                                   \makebox[2in][l]{AR\_FQ\_SKY\_I}\end{tex2...

Your command was ignored.
Type  I <command> <return>  to replace it with another command,
or  <return>  to continue without it.


! LaTeX Error: \begin{deluxetable} on input line 923 ended by \end{tex2html_now
rap}.

See the LaTeX manual or LaTeX Companion for explanation.
Type  H <return>  for immediate help.
 ...                                              
                                                  
l.1031 ...[l]{AR\_FQ\_SKY\_I}\end{tex2html_nowrap}
                                                              = 0x200 \\
Your command was ignored.
Type  I <command> <return>  to replace it with another command,
or  <return>  to continue without it.


! LaTeX Error: Environment tex2html_nowrap undefined.

See the LaTeX manual or LaTeX Companion for explanation.
Type  H <return>  for immediate help.
 ...                                              
                                                  
l.1032 & &  \begin{tex2html_nowrap}
                                   \makebox[2in][l]{AR\_FQ\_SKY\_Z}\end{tex2...

Your command was ignored.
Type  I <command> <return>  to replace it with another command,
or  <return>  to continue without it.


! LaTeX Error: \begin{deluxetable} on input line 923 ended by \end{tex2html_now
rap}.

See the LaTeX manual or LaTeX Companion for explanation.
Type  H <return>  for immediate help.
 ...                                              
                                                  
l.1032 ...[l]{AR\_FQ\_SKY\_Z}\end{tex2html_nowrap}
                                                              = 0x400 \\
Your command was ignored.
Type  I <command> <return>  to replace it with another command,
or  <return>  to continue without it.


! LaTeX Error: Environment tex2html_nowrap undefined.

See the LaTeX manual or LaTeX Companion for explanation.
Type  H <return>  for immediate help.
 ...                                              
                                                  
l.1033 & &  \begin{tex2html_nowrap}
                                   \makebox[2in][l]{AR\_FQ\_AMP\_U0}\end{tex...

Your command was ignored.
Type  I <command> <return>  to replace it with another command,
or  <return>  to continue without it.


! LaTeX Error: \begin{deluxetable} on input line 923 ended by \end{tex2html_now
rap}.

See the LaTeX manual or LaTeX Companion for explanation.
Type  H <return>  for immediate help.
 ...                                              
                                                  
l.1033 ...l]{AR\_FQ\_AMP\_U0}\end{tex2html_nowrap}
                                                             = 0x800 \\
Your command was ignored.
Type  I <command> <return>  to replace it with another command,
or  <return>  to continue without it.


! LaTeX Error: Environment tex2html_nowrap undefined.

See the LaTeX manual or LaTeX Companion for explanation.
Type  H <return>  for immediate help.
 ...                                              
                                                  
l.1034 & &  \begin{tex2html_nowrap}
                                   \makebox[2in][l]{AR\_FQ\_AMP\_U1}\end{tex...

Your command was ignored.
Type  I <command> <return>  to replace it with another command,
or  <return>  to continue without it.


! LaTeX Error: \begin{deluxetable} on input line 923 ended by \end{tex2html_now
rap}.

See the LaTeX manual or LaTeX Companion for explanation.
Type  H <return>  for immediate help.
 ...                                              
                                                  
l.1034 ...l]{AR\_FQ\_AMP\_U1}\end{tex2html_nowrap}
                                                             = 0x1000 \\
Your command was ignored.
Type  I <command> <return>  to replace it with another command,
or  <return>  to continue without it.


! LaTeX Error: Environment tex2html_nowrap undefined.

See the LaTeX manual or LaTeX Companion for explanation.
Type  H <return>  for immediate help.
 ...                                              
                                                  
l.1035 & &  \begin{tex2html_nowrap}
                                   \makebox[2in][l]{AR\_FQ\_AMP\_G0}\end{tex...

Your command was ignored.
Type  I <command> <return>  to replace it with another command,
or  <return>  to continue without it.


! LaTeX Error: \begin{deluxetable} on input line 923 ended by \end{tex2html_now
rap}.

See the LaTeX manual or LaTeX Companion for explanation.
Type  H <return>  for immediate help.
 ...                                              
                                                  
l.1035 ...l]{AR\_FQ\_AMP\_G0}\end{tex2html_nowrap}
                                                             = 0x2000 \\
Your command was ignored.
Type  I <command> <return>  to replace it with another command,
or  <return>  to continue without it.


! LaTeX Error: Environment tex2html_nowrap undefined.

See the LaTeX manual or LaTeX Companion for explanation.
Type  H <return>  for immediate help.
 ...                                              
                                                  
l.1036 & &  \begin{tex2html_nowrap}
                                   \makebox[2in][l]{AR\_FQ\_AMP\_G1}\end{tex...

Your command was ignored.
Type  I <command> <return>  to replace it with another command,
or  <return>  to continue without it.


! LaTeX Error: \begin{deluxetable} on input line 923 ended by \end{tex2html_now
rap}.

See the LaTeX manual or LaTeX Companion for explanation.
Type  H <return>  for immediate help.
 ...                                              
                                                  
l.1036 ...l]{AR\_FQ\_AMP\_G1}\end{tex2html_nowrap}
                                                             = 0x4000 \\
Your command was ignored.
Type  I <command> <return>  to replace it with another command,
or  <return>  to continue without it.


! LaTeX Error: Environment tex2html_nowrap undefined.

See the LaTeX manual or LaTeX Companion for explanation.
Type  H <return>  for immediate help.
 ...                                              
                                                  
l.1037 & &  \begin{tex2html_nowrap}
                                   \makebox[2in][l]{AR\_FQ\_AMP\_R0}\end{tex...

Your command was ignored.
Type  I <command> <return>  to replace it with another command,
or  <return>  to continue without it.


! LaTeX Error: \begin{deluxetable} on input line 923 ended by \end{tex2html_now
rap}.

See the LaTeX manual or LaTeX Companion for explanation.
Type  H <return>  for immediate help.
 ...                                              
                                                  
l.1037 ...l]{AR\_FQ\_AMP\_R0}\end{tex2html_nowrap}
                                                             = 0x8000 \\
Your command was ignored.
Type  I <command> <return>  to replace it with another command,
or  <return>  to continue without it.


! LaTeX Error: Environment tex2html_nowrap undefined.

See the LaTeX manual or LaTeX Companion for explanation.
Type  H <return>  for immediate help.
 ...                                              
                                                  
l.1038 & &  \begin{tex2html_nowrap}
                                   \makebox[2in][l]{AR\_FQ\_AMP\_R1}\end{tex...

Your command was ignored.
Type  I <command> <return>  to replace it with another command,
or  <return>  to continue without it.


! LaTeX Error: \begin{deluxetable} on input line 923 ended by \end{tex2html_now
rap}.

See the LaTeX manual or LaTeX Companion for explanation.
Type  H <return>  for immediate help.
 ...                                              
                                                  
l.1038 ...l]{AR\_FQ\_AMP\_R1}\end{tex2html_nowrap}
                                                             = 0x10000 \\
Your command was ignored.
Type  I <command> <return>  to replace it with another command,
or  <return>  to continue without it.


! LaTeX Error: Environment tex2html_nowrap undefined.

See the LaTeX manual or LaTeX Companion for explanation.
Type  H <return>  for immediate help.
 ...                                              
                                                  
l.1039 & &  \begin{tex2html_nowrap}
                                   \makebox[2in][l]{AR\_FQ\_AMP\_I0}\end{tex...

Your command was ignored.
Type  I <command> <return>  to replace it with another command,
or  <return>  to continue without it.


! LaTeX Error: \begin{deluxetable} on input line 923 ended by \end{tex2html_now
rap}.

See the LaTeX manual or LaTeX Companion for explanation.
Type  H <return>  for immediate help.
 ...                                              
                                                  
l.1039 ...l]{AR\_FQ\_AMP\_I0}\end{tex2html_nowrap}
                                                             = 0x20000 \\
Your command was ignored.
Type  I <command> <return>  to replace it with another command,
or  <return>  to continue without it.


! LaTeX Error: Environment tex2html_nowrap undefined.

See the LaTeX manual or LaTeX Companion for explanation.
Type  H <return>  for immediate help.
 ...                                              
                                                  
l.1040 & &  \begin{tex2html_nowrap}
                                   \makebox[2in][l]{AR\_FQ\_AMP\_I1}\end{tex...

Your command was ignored.
Type  I <command> <return>  to replace it with another command,
or  <return>  to continue without it.


! LaTeX Error: \begin{deluxetable} on input line 923 ended by \end{tex2html_now
rap}.

See the LaTeX manual or LaTeX Companion for explanation.
Type  H <return>  for immediate help.
 ...                                              
                                                  
l.1040 ...l]{AR\_FQ\_AMP\_I1}\end{tex2html_nowrap}
                                                             = 0x40000 \\
Your command was ignored.
Type  I <command> <return>  to replace it with another command,
or  <return>  to continue without it.


! LaTeX Error: Environment tex2html_nowrap undefined.

See the LaTeX manual or LaTeX Companion for explanation.
Type  H <return>  for immediate help.
 ...                                              
                                                  
l.1041 & &  \begin{tex2html_nowrap}
                                   \makebox[2in][l]{AR\_FQ\_AMP\_Z0}\end{tex...

Your command was ignored.
Type  I <command> <return>  to replace it with another command,
or  <return>  to continue without it.


! LaTeX Error: \begin{deluxetable} on input line 923 ended by \end{tex2html_now
rap}.

See the LaTeX manual or LaTeX Companion for explanation.
Type  H <return>  for immediate help.
 ...                                              
                                                  
l.1041 ...l]{AR\_FQ\_AMP\_Z0}\end{tex2html_nowrap}
                                                             = 0x80000 \\
Your command was ignored.
Type  I <command> <return>  to replace it with another command,
or  <return>  to continue without it.


! LaTeX Error: Environment tex2html_nowrap undefined.

See the LaTeX manual or LaTeX Companion for explanation.
Type  H <return>  for immediate help.
 ...                                              
                                                  
l.1042 & &  \begin{tex2html_nowrap}
                                   \makebox[2in][l]{AR\_FQ\_AMP\_Z1}\end{tex...

Your command was ignored.
Type  I <command> <return>  to replace it with another command,
or  <return>  to continue without it.


! LaTeX Error: \begin{deluxetable} on input line 923 ended by \end{tex2html_now
rap}.

See the LaTeX manual or LaTeX Companion for explanation.
Type  H <return>  for immediate help.
 ...                                              
                                                  
l.1042 ...l]{AR\_FQ\_AMP\_Z1}\end{tex2html_nowrap}
                                                             = 0x100000 \\
Your command was ignored.
Type  I <command> <return>  to replace it with another command,
or  <return>  to continue without it.


! LaTeX Error: Environment tex2html_nowrap undefined.

See the LaTeX manual or LaTeX Companion for explanation.
Type  H <return>  for immediate help.
 ...                                              
                                                  
l.1043 & &  \begin{tex2html_nowrap}
                                   \makebox[2in][l]{AR\_FQ\_MANUAL}\end{tex2...

Your command was ignored.
Type  I <command> <return>  to replace it with another command,
or  <return>  to continue without it.


! LaTeX Error: \begin{deluxetable} on input line 923 ended by \end{tex2html_now
rap}.

See the LaTeX manual or LaTeX Companion for explanation.
Type  H <return>  for immediate help.
 ...                                              
                                                  
l.1043 ...[l]{AR\_FQ\_MANUAL}\end{tex2html_nowrap}
                                                             = 0x200000 \\
Your command was ignored.
Type  I <command> <return>  to replace it with another command,
or  <return>  to continue without it.


! LaTeX Error: Environment tex2html_nowrap undefined.

See the LaTeX manual or LaTeX Companion for explanation.
Type  H <return>  for immediate help.
 ...                                              
                                                  
l.1090 & &  \begin{tex2html_nowrap}
                                   \makebox[2in][l]{AR\_PSF\_STATUS\_UNKNOWN...

Your command was ignored.
Type  I <command> <return>  to replace it with another command,
or  <return>  to continue without it.


! LaTeX Error: \begin{deluxetable} on input line 923 ended by \end{tex2html_now
rap}.

See the LaTeX manual or LaTeX Companion for explanation.
Type  H <return>  for immediate help.
 ...                                              
                                                  
l.1090 ...F\_STATUS\_UNKNOWN}\end{tex2html_nowrap}
                                                   = -1,     \\
Your command was ignored.
Type  I <command> <return>  to replace it with another command,
or  <return>  to continue without it.


! LaTeX Error: Environment tex2html_nowrap undefined.

See the LaTeX manual or LaTeX Companion for explanation.
Type  H <return>  for immediate help.
 ...                                              
                                                  
l.1091 & &  \begin{tex2html_nowrap}
                                   \makebox[2in][l]{AR\_PSF\_STATUS\_OK}\end...

Your command was ignored.
Type  I <command> <return>  to replace it with another command,
or  <return>  to continue without it.


! LaTeX Error: \begin{deluxetable} on input line 923 ended by \end{tex2html_now
rap}.

See the LaTeX manual or LaTeX Companion for explanation.
Type  H <return>  for immediate help.
 ...                                              
                                                  
l.1091 ...R\_PSF\_STATUS\_OK}\end{tex2html_nowrap}
                                                        =  0,     2nd order ...

Your command was ignored.
Type  I <command> <return>  to replace it with another command,
or  <return>  to continue without it.


! LaTeX Error: Environment tex2html_nowrap undefined.

See the LaTeX manual or LaTeX Companion for explanation.
Type  H <return>  for immediate help.
 ...                                              
                                                  
l.1092 & &  \begin{tex2html_nowrap}
                                   \makebox[2in][l]{AR\_PSF\_STATUS\_PSF22}\...

Your command was ignored.
Type  I <command> <return>  to replace it with another command,
or  <return>  to continue without it.


! LaTeX Error: \begin{deluxetable} on input line 923 ended by \end{tex2html_now
rap}.

See the LaTeX manual or LaTeX Companion for explanation.
Type  H <return>  for immediate help.
 ...                                              
                                                  
l.1092 ...PSF\_STATUS\_PSF22}\end{tex2html_nowrap}
                                                     =  1,     linear functi...

Your command was ignored.
Type  I <command> <return>  to replace it with another command,
or  <return>  to continue without it.


! LaTeX Error: Environment tex2html_nowrap undefined.

See the LaTeX manual or LaTeX Companion for explanation.
Type  H <return>  for immediate help.
 ...                                              
                                                  
l.1093 & &  \begin{tex2html_nowrap}
                                   \makebox[2in][l]{AR\_PSF\_STATUS\_PSF11}\...

Your command was ignored.
Type  I <command> <return>  to replace it with another command,
or  <return>  to continue without it.


! LaTeX Error: \begin{deluxetable} on input line 923 ended by \end{tex2html_now
rap}.

See the LaTeX manual or LaTeX Companion for explanation.
Type  H <return>  for immediate help.
 ...                                              
                                                  
l.1093 ...PSF\_STATUS\_PSF11}\end{tex2html_nowrap}
                                                     =  2,     constant  \\
Your command was ignored.
Type  I <command> <return>  to replace it with another command,
or  <return>  to continue without it.


! LaTeX Error: Environment tex2html_nowrap undefined.

See the LaTeX manual or LaTeX Companion for explanation.
Type  H <return>  for immediate help.
 ...                                              
                                                  
l.1094 & &  \begin{tex2html_nowrap}
                                   \makebox[2in][l]{AR\_PSF\_STATUS\_NOPSF}\...

Your command was ignored.
Type  I <command> <return>  to replace it with another command,
or  <return>  to continue without it.


! LaTeX Error: \begin{deluxetable} on input line 923 ended by \end{tex2html_now
rap}.

See the LaTeX manual or LaTeX Companion for explanation.
Type  H <return>  for immediate help.
 ...                                              
                                                  
l.1094 ...PSF\_STATUS\_NOPSF}\end{tex2html_nowrap}
                                                     =  3,     fit from prev...

Your command was ignored.
Type  I <command> <return>  to replace it with another command,
or  <return>  to continue without it.


! LaTeX Error: Environment tex2html_nowrap undefined.

See the LaTeX manual or LaTeX Companion for explanation.
Type  H <return>  for immediate help.
 ...                                              
                                                  
l.1095 & &  \begin{tex2html_nowrap}
                                   \makebox[2in][l]{AR\_PSF\_STATUS\_ABORTED...

Your command was ignored.
Type  I <command> <return>  to replace it with another command,
or  <return>  to continue without it.


! LaTeX Error: \begin{deluxetable} on input line 923 ended by \end{tex2html_now
rap}.

See the LaTeX manual or LaTeX Companion for explanation.
Type  H <return>  for immediate help.
 ...                                              
                                                  
l.1095 ...F\_STATUS\_ABORTED}\end{tex2html_nowrap}
                                                   =  4,     No PSF availabl...

Your command was ignored.
Type  I <command> <return>  to replace it with another command,
or  <return>  to continue without it.


! LaTeX Error: Environment tex2html_nowrap undefined.

See the LaTeX manual or LaTeX Companion for explanation.
Type  H <return>  for immediate help.
 ...                                              
                                                  
l.1096 & &  \begin{tex2html_nowrap}
                                   \makebox[2in][l]{AR\_PSF\_STATUS\_MISSING...

Your command was ignored.
Type  I <command> <return>  to replace it with another command,
or  <return>  to continue without it.


! LaTeX Error: \begin{deluxetable} on input line 923 ended by \end{tex2html_now
rap}.

See the LaTeX manual or LaTeX Companion for explanation.
Type  H <return>  for immediate help.
 ...                                              
                                                  
l.1096 ...F\_STATUS\_MISSING}\end{tex2html_nowrap}
                                                   =  5,     No PSF availabl...

Your command was ignored.
Type  I <command> <return>  to replace it with another command,
or  <return>  to continue without it.

Page 1 of table 7 has been set to width 440.55437pt with 166 lines per page 
[36]
Page 2 of table 7 has been set to width 362.16249pt with 166 lines per page 
[37


]
Page 1 of table 8 has been set to width 310.51308pt with 166 lines per page 
[38

]
Page 1 of table 9 has been set to width 133.45132pt with 85 lines per page 
[39

]
Page 1 of table 10 has been set to width 190.39505pt with 85 lines per page 
[40

]
Page 1 of table 11 has been set to width 461.58455pt with 122 lines per page 
[41

] [42]
Page 1 of table 12 has been set to width 357.3524pt with 166 lines per page 
[43

]
Page 1 of table 13 has been set to width 213.57613pt with 85 lines per page 
[44

] [45]
Page 1 of table 14 has been set to width 195.06349pt with 85 lines per page 
[46

]
Underfull \hbox (badness 10000) in alignment at lines 1492--1503
[][][][][][]
 []


Underfull \hbox (badness 10000) in paragraph at lines 1523--1523
[] $[]$\OT1/cmr/m/n/10.95 Main Galaxy Sam-ple has \OT1/cmtt/m/n/10.95 primTarge
t \OT1/cmr/m/n/10.95 = \OT1/cmtt/m/n/10.95 TARGET[]GALAXY | TARGET[]GALAXY[]BIG
 |
 []


Underfull \hbox (badness 10000) in paragraph at lines 1523--1523
[] $[]$\OT1/cmr/m/n/10.95 Luminous Red Galaxy sam-ple has \OT1/cmtt/m/n/10.95 p
rimTarget \OT1/cmr/m/n/10.95 = \OT1/cmtt/m/n/10.95 TARGET[]GALAXY[]RED |
 []


Underfull \hbox (badness 10000) in paragraph at lines 1523--1523
[] $[]$\OT1/cmr/m/n/10.95 Main Quasar Sam-ple has \OT1/cmtt/m/n/10.95 primTarge
t \OT1/cmr/m/n/10.95 = \OT1/cmtt/m/n/10.95 TARGET[]QSO[]CAP | TARGET[]QSO[]SKIR
T |
 []

Page 1 of table 15 has been set to width 469.75499pt with 85 lines per page 
[47

] [48]
File: fig-allsky-imaging.ps Graphic file (type eps)
<fig-allsky-imaging.ps> [49

]
File: fig-allsky-spectroscopy.ps Graphic file (type eps)
<fig-allsky-spectroscopy.ps> [50

]
File: fig_edr-flow.ps Graphic file (type eps)
<fig_edr-flow.ps>
Overfull \hbox (126.47249pt too wide) in paragraph at lines 1538--1539
[][] 
 []

[51

] [52]
File: spectput.ps Graphic file (type eps)
<spectput.ps>
Overfull \hbox (45.16875pt too wide) in paragraph at lines 1545--1546
[][] 
 []

[53

]
File: asSpline-001356-73-13.ps Graphic file (type eps)
<asSpline-001356-73-13.ps> [54

] [55]

! LaTeX Error: Cannot determine size of graphic in fig_Seeing_v2.ps (no Boundin
gBox).

See the LaTeX manual or LaTeX Companion for explanation.
Type  H <return>  for immediate help.
 ...                                              
                                                  
l.1557 ...udegraphics[scale=0.7]{fig_Seeing_v2.ps}
                                                  
Try typing  <return>  to proceed.
If that doesn't work, type  X <return>  to quit.

File: fig_Seeing_v2.ps Graphic file (type eps)
<fig_Seeing_v2.ps> [56

]

LaTeX Warning: File `riuzg.15.5.eps' not found on input line 1564.


! LaTeX Error: File `riuzg.15.5.eps' not found.

See the LaTeX manual or LaTeX Companion for explanation.
Type  H <return>  for immediate help.
 ...                                              
                                                  
l.1564 \begin{figure}\plotone{riuzg.15.5.eps}
                                             
Try typing  <return>  to proceed.
If that doesn't work, type  X <return>  to quit.


! LaTeX Error: Cannot determine size of graphic in riuzg.15.5.eps (no BoundingB
ox).

See the LaTeX manual or LaTeX Companion for explanation.
Type  H <return>  for immediate help.
 ...                                              
                                                  
l.1564 \begin{figure}\plotone{riuzg.15.5.eps}
                                             
Try typing  <return>  to proceed.
If that doesn't work, type  X <return>  to quit.

File: riuzg.15.5.eps Graphic file (type eps)
<riuzg.15.5.eps> [57

] [58]

LaTeX Warning: File `fig_zhed.ps' not found on input line 1570.


! LaTeX Error: File `fig_zhed.ps' not found.

See the LaTeX manual or LaTeX Companion for explanation.
Type  H <return>  for immediate help.
 ...                                              
                                                  
l.1570 \begin{figure}\plotone{fig_zhed.ps}
                                          
Try typing  <return>  to proceed.
If that doesn't work, type  X <return>  to quit.


! LaTeX Error: Cannot determine size of graphic in fig_zhed.ps (no BoundingBox)
.

See the LaTeX manual or LaTeX Companion for explanation.
Type  H <return>  for immediate help.
 ...                                              
                                                  
l.1570 \begin{figure}\plotone{fig_zhed.ps}
                                          
Try typing  <return>  to proceed.
If that doesn't work, type  X <return>  to quit.

File: fig_zhed.ps Graphic file (type eps)
<fig_zhed.ps> [59

] [60]
latex2htmlSize :tex2html_wrap_inline9999: 7.48248pt::0.0pt.
[61

]
latex2htmlSize :tex2html_wrap_inline10001: 7.48248pt::1.695pt.
[62

]
latex2htmlSize :tex2html_wrap_inline10003: 9.12923pt::2.12917pt.
[63

] (images.aux)

LaTeX Warning: Label(s) may have changed. Rerun to get cross-references right.

 ) 
Here is how much of TeX's memory you used:
 2094 strings out of 10910
 22844 string characters out of 71907
 102253 words of memory out of 262141
 4717 multiletter control sequences out of 9500
 12485 words of font info for 53 fonts, out of 150000 for 255
 14 hyphenation exceptions out of 607
 32i,12n,26p,613b,469s stack positions out of 300i,40n,60p,3000b,4000s

Output written on images.dvi (63 pages, 92320 bytes).
