This is TeX, Version 3.1415 (C version 6.1) (format=latex 96.9.19)  4 JUL 2000 12:50
**./images.tex
(images.tex
LaTeX2e <1996/06/01>

(/usr/princeton/tex-3.1415-C-6.1/lib/texmf/tex/latex2e/latex209.def
File: latex209.def 1996/05/21 v0.51 Standard LaTeX file
Entering LaTeX 2.09 compatibility mode.
\footheight=\dimen102
\@maxsep=\dimen103
\@dblmaxsep=\dimen104
\@cla=\count79
\@clb=\count80
\mscount=\count81
(/usr/princeton/tex-3.1415-C-6.1/lib/texmf/tex/latex2e/tracefnt.sty
Package: tracefnt 1996/05/08 v3.0h Standard LaTeX package (font tracing)
\tracingfonts=\count82
LaTeX Info: Redefining \selectfont on input line 139.
)
\symbold=\mathgroup4
\symsans=\mathgroup5
\symtypewriter=\mathgroup6
\symitalic=\mathgroup7
\symsmallcaps=\mathgroup8
\symslanted=\mathgroup9
LaTeX Font Info:    Redeclaring math alphabet \mathbf on input line 307.
LaTeX Font Info:    Redeclaring math alphabet \mathsf on input line 308.
LaTeX Font Info:    Redeclaring math alphabet \mathtt on input line 309.
LaTeX Font Info:    Redeclaring math alphabet \mathit on input line 315.
LaTeX Info: Redefining \em on input line 325.
(/usr/princeton/tex-3.1415-C-6.1/lib/texmf/tex/latex2e/latexsym.sty
Package: latexsym 1995/11/28 v2.2c Standard LaTeX package (lasy symbols)
\symlasy=\mathgroup10
LaTeX Font Info:    Overwriting symbol font `lasy' in version `bold'
(Font)                  U/lasy/m/n --> U/lasy/b/n on input line 86.
)
LaTeX Font Info:    Redeclaring math delimiter \lgroup on input line 389.
LaTeX Font Info:    Redeclaring math delimiter \rgroup on input line 391.
LaTeX Font Info:    Redeclaring math delimiter \bracevert on input line 393.
) (/usr/princeton/tex-3.1415-C-6.1/lib/texmf/tex/latex2e/article.cls
Document Class: article 1996/05/26 v1.3r Standard LaTeX document class
(/usr/princeton/tex-3.1415-C-6.1/lib/texmf/tex/latex2e/size12.clo
File: size12.clo 1996/05/26 v1.3r Standard LaTeX file (size option)
)
\c@part=\count83
\c@section=\count84
\c@subsection=\count85
\c@subsubsection=\count86
\c@paragraph=\count87
\c@subparagraph=\count88
\c@figure=\count89
\c@table=\count90
\abovecaptionskip=\skip41
\belowcaptionskip=\skip42
Compatibility mode: definition of \rm ignored.
Compatibility mode: definition of \sf ignored.
Compatibility mode: definition of \tt ignored.
Compatibility mode: definition of \bf ignored.
Compatibility mode: definition of \it ignored.
Compatibility mode: definition of \sl ignored.
Compatibility mode: definition of \sc ignored.
LaTeX Info: Redefining \cal on input line 543.
LaTeX Info: Redefining \mit on input line 544.
\bibindent=\dimen105
)
\sizebox=\box26
\lthtmlwrite=\write3
(images.aux)
LaTeX Font Info:    Checking defaults for OML/cmm/m/it on input line 62.
LaTeX Font Info:    ... okay on input line 62.
LaTeX Font Info:    Checking defaults for T1/cmr/m/n on input line 62.
LaTeX Font Info:    ... okay on input line 62.
LaTeX Font Info:    Checking defaults for OT1/cmr/m/n on input line 62.
LaTeX Font Info:    ... okay on input line 62.
LaTeX Font Info:    Checking defaults for OMS/cmsy/m/n on input line 62.
LaTeX Font Info:    ... okay on input line 62.
LaTeX Font Info:    Checking defaults for OMX/cmex/m/n on input line 62.
LaTeX Font Info:    ... okay on input line 62.
LaTeX Font Info:    Checking defaults for U/cmr/m/n on input line 62.
LaTeX Font Info:    ... okay on input line 62.
latex2htmlLength hsize=349.0pt
latex2htmlLength vsize=628.0pt
latex2htmlLength hoffset=0.0pt
latex2htmlLength voffset=0.0pt
latex2htmlLength topmargin=0.0pt
latex2htmlLength topskip=0.00002pt
latex2htmlLength headheight=0.0pt
latex2htmlLength headsep=0.0pt
latex2htmlLength parskip=0.0pt plus 1.0pt
latex2htmlLength oddsidemargin=39.5pt
latex2htmlLength evensidemargin=39.5pt
LaTeX Font Info:    External font `cmex10' loaded for size
(Font)              <12> on input line 81.
LaTeX Font Info:    External font `cmex10' loaded for size
(Font)              <8> on input line 81.
LaTeX Font Info:    External font `cmex10' loaded for size
(Font)              <6> on input line 81.
LaTeX Font Info:    Try loading font information for U+lasy on input line 81.
(/usr/princeton/tex-3.1415-C-6.1/lib/texmf/tex/latex2e/Ulasy.fd
File: Ulasy.fd 1995/11/28 v2.2cLaTeX symbol font definitions
)
l2hSize :tex2html_wrap_inline114:9.0pt::9.0pt::34.01352pt.
[1


]
l2hSize :tex2html_wrap_inline146:7.75pt::0.0pt::7.10896pt.
[2


]
l2hSize :tex2html_wrap_inline170:9.0pt::9.0pt::37.27737pt.
[3


]
l2hSize :tex2html_wrap_inline186:9.0pt::9.0pt::34.01352pt.
[4


]
l2hSize :tex2html_wrap_inline200:9.0pt::9.0pt::28.13858pt.
[5


]
l2hSize :tex2html_wrap_inline204:7.75pt::0.0pt::24.41652pt.
[6


]
l2hSize :tex2html_wrap_inline208:9.0pt::9.0pt::34.01352pt.
[7


]
l2hSize :tex2html_wrap_inline210:8.2pt::0.0pt::58.35353pt.
[8


] (images.aux) ) 
Here is how much of TeX's memory you used:
 401 strings out of 10944
 4196 string characters out of 73250
 44971 words of memory out of 262141
 3271 multiletter control sequences out of 9500
 12041 words of font info for 44 fonts, out of 100000 for 255
 14 hyphenation exceptions out of 607
 24i,4n,21p,166b,179s stack positions out of 300i,40n,60p,3000b,4000s

Output written on images.dvi (8 pages, 1248 bytes).
